yhteensä 25868
drwxr-xr-x 2 ahukkanen developers   69632 tammi   8 16:47 .
drwxr-xr-x 5 ahukkanen developers    4096 tammi   8 16:47 ..
-rw-r--r-- 1 ahukkanen developers   68656 tammi   8 16:47 1072-99c07ca4598e08413991.js
-rw-r--r-- 1 ahukkanen developers   16705 tammi   8 16:47 1072-99c07ca4598e08413991.js.br
-rw-r--r-- 1 ahukkanen developers   18691 tammi   8 16:47 1072-99c07ca4598e08413991.js.gz
-rw-r--r-- 1 ahukkanen developers  262002 tammi   8 16:47 1072-99c07ca4598e08413991.js.map
-rw-r--r-- 1 ahukkanen developers   58618 tammi   8 16:47 1072-99c07ca4598e08413991.js.map.br
-rw-r--r-- 1 ahukkanen developers   66662 tammi   8 16:47 1072-99c07ca4598e08413991.js.map.gz
-rw-r--r-- 1 ahukkanen developers   23307 tammi   8 16:47 1085-01b04b50f62541da8986.js
-rw-r--r-- 1 ahukkanen developers    7063 tammi   8 16:47 1085-01b04b50f62541da8986.js.br
-rw-r--r-- 1 ahukkanen developers    7902 tammi   8 16:47 1085-01b04b50f62541da8986.js.gz
-rw-r--r-- 1 ahukkanen developers     149 tammi   8 16:47 1085-01b04b50f62541da8986.js.LICENSE.txt
-rw-r--r-- 1 ahukkanen developers   52156 tammi   8 16:47 1085-01b04b50f62541da8986.js.map
-rw-r--r-- 1 ahukkanen developers   15457 tammi   8 16:47 1085-01b04b50f62541da8986.js.map.br
-rw-r--r-- 1 ahukkanen developers   17157 tammi   8 16:47 1085-01b04b50f62541da8986.js.map.gz
-rw-r--r-- 1 ahukkanen developers    6396 tammi   8 16:47 1260-6d522ff427dabda073d5.chunk.js
-rw-r--r-- 1 ahukkanen developers    2081 tammi   8 16:47 1260-6d522ff427dabda073d5.chunk.js.br
-rw-r--r-- 1 ahukkanen developers    2299 tammi   8 16:47 1260-6d522ff427dabda073d5.chunk.js.gz
-rw-r--r-- 1 ahukkanen developers   21017 tammi   8 16:47 1260-6d522ff427dabda073d5.chunk.js.map
-rw-r--r-- 1 ahukkanen developers    5577 tammi   8 16:47 1260-6d522ff427dabda073d5.chunk.js.map.br
-rw-r--r-- 1 ahukkanen developers    6120 tammi   8 16:47 1260-6d522ff427dabda073d5.chunk.js.map.gz
-rw-r--r-- 1 ahukkanen developers   15942 tammi   8 16:47 1528-22b0ccfac66effa74063.chunk.js
-rw-r--r-- 1 ahukkanen developers    4694 tammi   8 16:47 1528-22b0ccfac66effa74063.chunk.js.br
-rw-r--r-- 1 ahukkanen developers    5261 tammi   8 16:47 1528-22b0ccfac66effa74063.chunk.js.gz
-rw-r--r-- 1 ahukkanen developers   59991 tammi   8 16:47 1528-22b0ccfac66effa74063.chunk.js.map
-rw-r--r-- 1 ahukkanen developers   13707 tammi   8 16:47 1528-22b0ccfac66effa74063.chunk.js.map.br
-rw-r--r-- 1 ahukkanen developers   15310 tammi   8 16:47 1528-22b0ccfac66effa74063.chunk.js.map.gz
-rw-r--r-- 1 ahukkanen developers    4979 tammi   8 16:47 2271-3b2e65f31c21fed82d05.chunk.js
-rw-r--r-- 1 ahukkanen developers    1932 tammi   8 16:47 2271-3b2e65f31c21fed82d05.chunk.js.br
-rw-r--r-- 1 ahukkanen developers    2093 tammi   8 16:47 2271-3b2e65f31c21fed82d05.chunk.js.gz
-rw-r--r-- 1 ahukkanen developers   16066 tammi   8 16:47 2271-3b2e65f31c21fed82d05.chunk.js.map
-rw-r--r-- 1 ahukkanen developers    4871 tammi   8 16:47 2271-3b2e65f31c21fed82d05.chunk.js.map.br
-rw-r--r-- 1 ahukkanen developers    5337 tammi   8 16:47 2271-3b2e65f31c21fed82d05.chunk.js.map.gz
-rw-r--r-- 1 ahukkanen developers    3892 tammi   8 16:47 2382-63436f5c78456752e805.chunk.js
-rw-r--r-- 1 ahukkanen developers    1600 tammi   8 16:47 2382-63436f5c78456752e805.chunk.js.br
-rw-r--r-- 1 ahukkanen developers    1742 tammi   8 16:47 2382-63436f5c78456752e805.chunk.js.gz
-rw-r--r-- 1 ahukkanen developers   13672 tammi   8 16:47 2382-63436f5c78456752e805.chunk.js.map
-rw-r--r-- 1 ahukkanen developers    4268 tammi   8 16:47 2382-63436f5c78456752e805.chunk.js.map.br
-rw-r--r-- 1 ahukkanen developers    4630 tammi   8 16:47 2382-63436f5c78456752e805.chunk.js.map.gz
-rw-r--r-- 1 ahukkanen developers   20079 tammi   8 16:47 2627-7b99137ad905b83e2a6f.chunk.js
-rw-r--r-- 1 ahukkanen developers    5976 tammi   8 16:47 2627-7b99137ad905b83e2a6f.chunk.js.br
-rw-r--r-- 1 ahukkanen developers    6607 tammi   8 16:47 2627-7b99137ad905b83e2a6f.chunk.js.gz
-rw-r--r-- 1 ahukkanen developers   73998 tammi   8 16:47 2627-7b99137ad905b83e2a6f.chunk.js.map
-rw-r--r-- 1 ahukkanen developers   17975 tammi   8 16:47 2627-7b99137ad905b83e2a6f.chunk.js.map.br
-rw-r--r-- 1 ahukkanen developers   20121 tammi   8 16:47 2627-7b99137ad905b83e2a6f.chunk.js.map.gz
-rw-r--r-- 1 ahukkanen developers   16102 tammi   8 16:47 3008-b309cb5014bac9fadef6.js
-rw-r--r-- 1 ahukkanen developers    4313 tammi   8 16:47 3008-b309cb5014bac9fadef6.js.br
-rw-r--r-- 1 ahukkanen developers    4880 tammi   8 16:47 3008-b309cb5014bac9fadef6.js.gz
-rw-r--r-- 1 ahukkanen developers   74301 tammi   8 16:47 3008-b309cb5014bac9fadef6.js.map
-rw-r--r-- 1 ahukkanen developers   16390 tammi   8 16:47 3008-b309cb5014bac9fadef6.js.map.br
-rw-r--r-- 1 ahukkanen developers   18579 tammi   8 16:47 3008-b309cb5014bac9fadef6.js.map.gz
-rw-r--r-- 1 ahukkanen developers    5966 tammi   8 16:47 3148-f30e7d198addf97d3a69.chunk.js
-rw-r--r-- 1 ahukkanen developers    2134 tammi   8 16:47 3148-f30e7d198addf97d3a69.chunk.js.br
-rw-r--r-- 1 ahukkanen developers    2368 tammi   8 16:47 3148-f30e7d198addf97d3a69.chunk.js.gz
-rw-r--r-- 1 ahukkanen developers   21722 tammi   8 16:47 3148-f30e7d198addf97d3a69.chunk.js.map
-rw-r--r-- 1 ahukkanen developers    6022 tammi   8 16:47 3148-f30e7d198addf97d3a69.chunk.js.map.br
-rw-r--r-- 1 ahukkanen developers    6582 tammi   8 16:47 3148-f30e7d198addf97d3a69.chunk.js.map.gz
-rw-r--r-- 1 ahukkanen developers   19954 tammi   8 16:47 3277-b2f8eacfa07a67196fd9.chunk.js
-rw-r--r-- 1 ahukkanen developers    6449 tammi   8 16:47 3277-b2f8eacfa07a67196fd9.chunk.js.br
-rw-r--r-- 1 ahukkanen developers    6958 tammi   8 16:47 3277-b2f8eacfa07a67196fd9.chunk.js.gz
-rw-r--r-- 1 ahukkanen developers   81668 tammi   8 16:47 3277-b2f8eacfa07a67196fd9.chunk.js.map
-rw-r--r-- 1 ahukkanen developers   17543 tammi   8 16:47 3277-b2f8eacfa07a67196fd9.chunk.js.map.br
-rw-r--r-- 1 ahukkanen developers   19816 tammi   8 16:47 3277-b2f8eacfa07a67196fd9.chunk.js.map.gz
-rw-r--r-- 1 ahukkanen developers  184023 tammi   8 16:47 3338-56e79caa799d608ec9e2.chunk.js
-rw-r--r-- 1 ahukkanen developers   53974 tammi   8 16:47 3338-56e79caa799d608ec9e2.chunk.js.br
-rw-r--r-- 1 ahukkanen developers   61425 tammi   8 16:47 3338-56e79caa799d608ec9e2.chunk.js.gz
-rw-r--r-- 1 ahukkanen developers  704742 tammi   8 16:47 3338-56e79caa799d608ec9e2.chunk.js.map
-rw-r--r-- 1 ahukkanen developers  162397 tammi   8 16:47 3338-56e79caa799d608ec9e2.chunk.js.map.br
-rw-r--r-- 1 ahukkanen developers  189428 tammi   8 16:47 3338-56e79caa799d608ec9e2.chunk.js.map.gz
-rw-r--r-- 1 ahukkanen developers  149343 tammi   8 16:47 3481-7e8a204d05803793fe0b.js
-rw-r--r-- 1 ahukkanen developers   37383 tammi   8 16:47 3481-7e8a204d05803793fe0b.js.br
-rw-r--r-- 1 ahukkanen developers   42857 tammi   8 16:47 3481-7e8a204d05803793fe0b.js.gz
-rw-r--r-- 1 ahukkanen developers     153 tammi   8 16:47 3481-7e8a204d05803793fe0b.js.LICENSE.txt
-rw-r--r-- 1 ahukkanen developers  700709 tammi   8 16:47 3481-7e8a204d05803793fe0b.js.map
-rw-r--r-- 1 ahukkanen developers  156514 tammi   8 16:47 3481-7e8a204d05803793fe0b.js.map.br
-rw-r--r-- 1 ahukkanen developers  186755 tammi   8 16:47 3481-7e8a204d05803793fe0b.js.map.gz
-rw-r--r-- 1 ahukkanen developers    6094 tammi   8 16:47 4482-984cf2050a22e244487c.chunk.js
-rw-r--r-- 1 ahukkanen developers    2278 tammi   8 16:47 4482-984cf2050a22e244487c.chunk.js.br
-rw-r--r-- 1 ahukkanen developers    2552 tammi   8 16:47 4482-984cf2050a22e244487c.chunk.js.gz
-rw-r--r-- 1 ahukkanen developers   22022 tammi   8 16:47 4482-984cf2050a22e244487c.chunk.js.map
-rw-r--r-- 1 ahukkanen developers    6546 tammi   8 16:47 4482-984cf2050a22e244487c.chunk.js.map.br
-rw-r--r-- 1 ahukkanen developers    7147 tammi   8 16:47 4482-984cf2050a22e244487c.chunk.js.map.gz
-rw-r--r-- 1 ahukkanen developers   61498 tammi   8 16:47 4570-a140205b4819fa4ca45f.js
-rw-r--r-- 1 ahukkanen developers   12030 tammi   8 16:47 4570-a140205b4819fa4ca45f.js.br
-rw-r--r-- 1 ahukkanen developers   13660 tammi   8 16:47 4570-a140205b4819fa4ca45f.js.gz
-rw-r--r-- 1 ahukkanen developers  146070 tammi   8 16:47 4570-a140205b4819fa4ca45f.js.map
-rw-r--r-- 1 ahukkanen developers   35125 tammi   8 16:47 4570-a140205b4819fa4ca45f.js.map.br
-rw-r--r-- 1 ahukkanen developers   40056 tammi   8 16:47 4570-a140205b4819fa4ca45f.js.map.gz
-rw-r--r-- 1 ahukkanen developers   76574 tammi   8 16:47 468-92dccad0512d970e7875.js
-rw-r--r-- 1 ahukkanen developers   18609 tammi   8 16:47 468-92dccad0512d970e7875.js.br
-rw-r--r-- 1 ahukkanen developers   21068 tammi   8 16:47 468-92dccad0512d970e7875.js.gz
-rw-r--r-- 1 ahukkanen developers     149 tammi   8 16:47 468-92dccad0512d970e7875.js.LICENSE.txt
-rw-r--r-- 1 ahukkanen developers  205450 tammi   8 16:47 468-92dccad0512d970e7875.js.map
-rw-r--r-- 1 ahukkanen developers   49173 tammi   8 16:47 468-92dccad0512d970e7875.js.map.br
-rw-r--r-- 1 ahukkanen developers   55435 tammi   8 16:47 468-92dccad0512d970e7875.js.map.gz
-rw-r--r-- 1 ahukkanen developers    4379 tammi   8 16:47 5061-544724514159bba6cc07.chunk.js
-rw-r--r-- 1 ahukkanen developers    1768 tammi   8 16:47 5061-544724514159bba6cc07.chunk.js.br
-rw-r--r-- 1 ahukkanen developers    1933 tammi   8 16:47 5061-544724514159bba6cc07.chunk.js.gz
-rw-r--r-- 1 ahukkanen developers   16548 tammi   8 16:47 5061-544724514159bba6cc07.chunk.js.map
-rw-r--r-- 1 ahukkanen developers    4779 tammi   8 16:47 5061-544724514159bba6cc07.chunk.js.map.br
-rw-r--r-- 1 ahukkanen developers    5199 tammi   8 16:47 5061-544724514159bba6cc07.chunk.js.map.gz
-rw-r--r-- 1 ahukkanen developers    4761 tammi   8 16:47 5077-e4613679375045dda597.chunk.js
-rw-r--r-- 1 ahukkanen developers    1845 tammi   8 16:47 5077-e4613679375045dda597.chunk.js.br
-rw-r--r-- 1 ahukkanen developers    1995 tammi   8 16:47 5077-e4613679375045dda597.chunk.js.gz
-rw-r--r-- 1 ahukkanen developers   18705 tammi   8 16:47 5077-e4613679375045dda597.chunk.js.map
-rw-r--r-- 1 ahukkanen developers    5215 tammi   8 16:47 5077-e4613679375045dda597.chunk.js.map.br
-rw-r--r-- 1 ahukkanen developers    5652 tammi   8 16:47 5077-e4613679375045dda597.chunk.js.map.gz
-rw-r--r-- 1 ahukkanen developers   13228 tammi   8 16:47 5487-71b3ea32baa02b8489fc.js
-rw-r--r-- 1 ahukkanen developers    3273 tammi   8 16:47 5487-71b3ea32baa02b8489fc.js.br
-rw-r--r-- 1 ahukkanen developers    3678 tammi   8 16:47 5487-71b3ea32baa02b8489fc.js.gz
-rw-r--r-- 1 ahukkanen developers   27652 tammi   8 16:47 5487-71b3ea32baa02b8489fc.js.map
-rw-r--r-- 1 ahukkanen developers    7523 tammi   8 16:47 5487-71b3ea32baa02b8489fc.js.map.br
-rw-r--r-- 1 ahukkanen developers    8497 tammi   8 16:47 5487-71b3ea32baa02b8489fc.js.map.gz
-rw-r--r-- 1 ahukkanen developers   22662 tammi   8 16:47 5828-4c384432d4c97911fa77.js
-rw-r--r-- 1 ahukkanen developers    7299 tammi   8 16:47 5828-4c384432d4c97911fa77.js.br
-rw-r--r-- 1 ahukkanen developers    8190 tammi   8 16:47 5828-4c384432d4c97911fa77.js.gz
-rw-r--r-- 1 ahukkanen developers   95256 tammi   8 16:47 5828-4c384432d4c97911fa77.js.map
-rw-r--r-- 1 ahukkanen developers   23482 tammi   8 16:47 5828-4c384432d4c97911fa77.js.map.br
-rw-r--r-- 1 ahukkanen developers   26726 tammi   8 16:47 5828-4c384432d4c97911fa77.js.map.gz
-rw-r--r-- 1 ahukkanen developers    6300 tammi   8 16:47 5910-99ca150c2537efbf9757.chunk.js
-rw-r--r-- 1 ahukkanen developers    2154 tammi   8 16:47 5910-99ca150c2537efbf9757.chunk.js.br
-rw-r--r-- 1 ahukkanen developers    2370 tammi   8 16:47 5910-99ca150c2537efbf9757.chunk.js.gz
-rw-r--r-- 1 ahukkanen developers   25608 tammi   8 16:47 5910-99ca150c2537efbf9757.chunk.js.map
-rw-r--r-- 1 ahukkanen developers    6319 tammi   8 16:47 5910-99ca150c2537efbf9757.chunk.js.map.br
-rw-r--r-- 1 ahukkanen developers    6927 tammi   8 16:47 5910-99ca150c2537efbf9757.chunk.js.map.gz
-rw-r--r-- 1 ahukkanen developers    2857 tammi   8 16:47 5983-1c028e816e2217ac30f9.chunk.js
-rw-r--r-- 1 ahukkanen developers    1234 tammi   8 16:47 5983-1c028e816e2217ac30f9.chunk.js.br
-rw-r--r-- 1 ahukkanen developers    1338 tammi   8 16:47 5983-1c028e816e2217ac30f9.chunk.js.gz
-rw-r--r-- 1 ahukkanen developers   11212 tammi   8 16:47 5983-1c028e816e2217ac30f9.chunk.js.map
-rw-r--r-- 1 ahukkanen developers    3451 tammi   8 16:47 5983-1c028e816e2217ac30f9.chunk.js.map.br
-rw-r--r-- 1 ahukkanen developers    3763 tammi   8 16:47 5983-1c028e816e2217ac30f9.chunk.js.map.gz
-rw-r--r-- 1 ahukkanen developers    4755 tammi   8 16:47 6113-5ef6ccd1bcf9eeabfdb3.chunk.js
-rw-r--r-- 1 ahukkanen developers    1640 tammi   8 16:47 6113-5ef6ccd1bcf9eeabfdb3.chunk.js.br
-rw-r--r-- 1 ahukkanen developers    1896 tammi   8 16:47 6113-5ef6ccd1bcf9eeabfdb3.chunk.js.gz
-rw-r--r-- 1 ahukkanen developers   16056 tammi   8 16:47 6113-5ef6ccd1bcf9eeabfdb3.chunk.js.map
-rw-r--r-- 1 ahukkanen developers    4322 tammi   8 16:47 6113-5ef6ccd1bcf9eeabfdb3.chunk.js.map.br
-rw-r--r-- 1 ahukkanen developers    4822 tammi   8 16:47 6113-5ef6ccd1bcf9eeabfdb3.chunk.js.map.gz
-rw-r--r-- 1 ahukkanen developers    9310 tammi   8 16:47 6420-e1406c61f0032bba71b9.chunk.js
-rw-r--r-- 1 ahukkanen developers    2700 tammi   8 16:47 6420-e1406c61f0032bba71b9.chunk.js.br
-rw-r--r-- 1 ahukkanen developers    3014 tammi   8 16:47 6420-e1406c61f0032bba71b9.chunk.js.gz
-rw-r--r-- 1 ahukkanen developers   31560 tammi   8 16:47 6420-e1406c61f0032bba71b9.chunk.js.map
-rw-r--r-- 1 ahukkanen developers    7600 tammi   8 16:47 6420-e1406c61f0032bba71b9.chunk.js.map.br
-rw-r--r-- 1 ahukkanen developers    8409 tammi   8 16:47 6420-e1406c61f0032bba71b9.chunk.js.map.gz
-rw-r--r-- 1 ahukkanen developers   13302 tammi   8 16:47 6435-49f741c385994d681c28.js
-rw-r--r-- 1 ahukkanen developers    3728 tammi   8 16:47 6435-49f741c385994d681c28.js.br
-rw-r--r-- 1 ahukkanen developers    4167 tammi   8 16:47 6435-49f741c385994d681c28.js.gz
-rw-r--r-- 1 ahukkanen developers   53474 tammi   8 16:47 6435-49f741c385994d681c28.js.map
-rw-r--r-- 1 ahukkanen developers   12340 tammi   8 16:47 6435-49f741c385994d681c28.js.map.br
-rw-r--r-- 1 ahukkanen developers   13780 tammi   8 16:47 6435-49f741c385994d681c28.js.map.gz
-rw-r--r-- 1 ahukkanen developers   33131 tammi   8 16:47 659-6cd50d72f272399c31a6.js
-rw-r--r-- 1 ahukkanen developers    8154 tammi   8 16:47 659-6cd50d72f272399c31a6.js.br
-rw-r--r-- 1 ahukkanen developers    9173 tammi   8 16:47 659-6cd50d72f272399c31a6.js.gz
-rw-r--r-- 1 ahukkanen developers  111593 tammi   8 16:47 659-6cd50d72f272399c31a6.js.map
-rw-r--r-- 1 ahukkanen developers   25240 tammi   8 16:47 659-6cd50d72f272399c31a6.js.map.br
-rw-r--r-- 1 ahukkanen developers   28764 tammi   8 16:47 659-6cd50d72f272399c31a6.js.map.gz
-rw-r--r-- 1 ahukkanen developers    2851 tammi   8 16:47 6681-4f1fc2dac8faf6836625.chunk.js
-rw-r--r-- 1 ahukkanen developers    1033 tammi   8 16:47 6681-4f1fc2dac8faf6836625.chunk.js.br
-rw-r--r-- 1 ahukkanen developers    1168 tammi   8 16:47 6681-4f1fc2dac8faf6836625.chunk.js.gz
-rw-r--r-- 1 ahukkanen developers    9326 tammi   8 16:47 6681-4f1fc2dac8faf6836625.chunk.js.map
-rw-r--r-- 1 ahukkanen developers    2829 tammi   8 16:47 6681-4f1fc2dac8faf6836625.chunk.js.map.br
-rw-r--r-- 1 ahukkanen developers    3083 tammi   8 16:47 6681-4f1fc2dac8faf6836625.chunk.js.map.gz
-rw-r--r-- 1 ahukkanen developers    8841 tammi   8 16:47 6951-02f74b978f4be0ceeb4d.chunk.js
-rw-r--r-- 1 ahukkanen developers    3270 tammi   8 16:47 6951-02f74b978f4be0ceeb4d.chunk.js.br
-rw-r--r-- 1 ahukkanen developers    3641 tammi   8 16:47 6951-02f74b978f4be0ceeb4d.chunk.js.gz
-rw-r--r-- 1 ahukkanen developers   31374 tammi   8 16:47 6951-02f74b978f4be0ceeb4d.chunk.js.map
-rw-r--r-- 1 ahukkanen developers    8963 tammi   8 16:47 6951-02f74b978f4be0ceeb4d.chunk.js.map.br
-rw-r--r-- 1 ahukkanen developers    9820 tammi   8 16:47 6951-02f74b978f4be0ceeb4d.chunk.js.map.gz
-rw-r--r-- 1 ahukkanen developers   46079 tammi   8 16:47 7331-60d07660bee54e8c21b4.chunk.js
-rw-r--r-- 1 ahukkanen developers   10965 tammi   8 16:47 7331-60d07660bee54e8c21b4.chunk.js.br
-rw-r--r-- 1 ahukkanen developers   12377 tammi   8 16:47 7331-60d07660bee54e8c21b4.chunk.js.gz
-rw-r--r-- 1 ahukkanen developers  139926 tammi   8 16:47 7331-60d07660bee54e8c21b4.chunk.js.map
-rw-r--r-- 1 ahukkanen developers   29567 tammi   8 16:47 7331-60d07660bee54e8c21b4.chunk.js.map.br
-rw-r--r-- 1 ahukkanen developers   33998 tammi   8 16:47 7331-60d07660bee54e8c21b4.chunk.js.map.gz
-rw-r--r-- 1 ahukkanen developers   26071 tammi   8 16:47 7391-1ef02d7875643bc2c3df.chunk.js
-rw-r--r-- 1 ahukkanen developers    7222 tammi   8 16:47 7391-1ef02d7875643bc2c3df.chunk.js.br
-rw-r--r-- 1 ahukkanen developers    8038 tammi   8 16:47 7391-1ef02d7875643bc2c3df.chunk.js.gz
-rw-r--r-- 1 ahukkanen developers   91559 tammi   8 16:47 7391-1ef02d7875643bc2c3df.chunk.js.map
-rw-r--r-- 1 ahukkanen developers   20355 tammi   8 16:47 7391-1ef02d7875643bc2c3df.chunk.js.map.br
-rw-r--r-- 1 ahukkanen developers   22804 tammi   8 16:47 7391-1ef02d7875643bc2c3df.chunk.js.map.gz
-rw-r--r-- 1 ahukkanen developers    5119 tammi   8 16:47 7912-4d582d1cd6772791c376.chunk.js
-rw-r--r-- 1 ahukkanen developers    1972 tammi   8 16:47 7912-4d582d1cd6772791c376.chunk.js.br
-rw-r--r-- 1 ahukkanen developers    2151 tammi   8 16:47 7912-4d582d1cd6772791c376.chunk.js.gz
-rw-r--r-- 1 ahukkanen developers   16544 tammi   8 16:47 7912-4d582d1cd6772791c376.chunk.js.map
-rw-r--r-- 1 ahukkanen developers    4962 tammi   8 16:47 7912-4d582d1cd6772791c376.chunk.js.map.br
-rw-r--r-- 1 ahukkanen developers    5460 tammi   8 16:47 7912-4d582d1cd6772791c376.chunk.js.map.gz
-rw-r--r-- 1 ahukkanen developers    4833 tammi   8 16:47 8385-45db37199a5636064110.chunk.js
-rw-r--r-- 1 ahukkanen developers    1980 tammi   8 16:47 8385-45db37199a5636064110.chunk.js.br
-rw-r--r-- 1 ahukkanen developers    2196 tammi   8 16:47 8385-45db37199a5636064110.chunk.js.gz
-rw-r--r-- 1 ahukkanen developers   17322 tammi   8 16:47 8385-45db37199a5636064110.chunk.js.map
-rw-r--r-- 1 ahukkanen developers    4982 tammi   8 16:47 8385-45db37199a5636064110.chunk.js.map.br
-rw-r--r-- 1 ahukkanen developers    5541 tammi   8 16:47 8385-45db37199a5636064110.chunk.js.map.gz
-rw-r--r-- 1 ahukkanen developers  574855 tammi   8 16:47 8609-0301ef5e22a406c503f8.js
-rw-r--r-- 1 ahukkanen developers  121183 tammi   8 16:47 8609-0301ef5e22a406c503f8.js.br
-rw-r--r-- 1 ahukkanen developers  145543 tammi   8 16:47 8609-0301ef5e22a406c503f8.js.gz
-rw-r--r-- 1 ahukkanen developers     451 tammi   8 16:47 8609-0301ef5e22a406c503f8.js.LICENSE.txt
-rw-r--r-- 1 ahukkanen developers 1949313 tammi   8 16:47 8609-0301ef5e22a406c503f8.js.map
-rw-r--r-- 1 ahukkanen developers  362756 tammi   8 16:47 8609-0301ef5e22a406c503f8.js.map.br
-rw-r--r-- 1 ahukkanen developers  436543 tammi   8 16:47 8609-0301ef5e22a406c503f8.js.map.gz
-rw-r--r-- 1 ahukkanen developers  496901 tammi   8 16:47 8728-277caafb91a97957506c.js
-rw-r--r-- 1 ahukkanen developers  108040 tammi   8 16:47 8728-277caafb91a97957506c.js.br
-rw-r--r-- 1 ahukkanen developers  127755 tammi   8 16:47 8728-277caafb91a97957506c.js.gz
-rw-r--r-- 1 ahukkanen developers     346 tammi   8 16:47 8728-277caafb91a97957506c.js.LICENSE.txt
-rw-r--r-- 1 ahukkanen developers 1942865 tammi   8 16:47 8728-277caafb91a97957506c.js.map
-rw-r--r-- 1 ahukkanen developers  406952 tammi   8 16:47 8728-277caafb91a97957506c.js.map.br
-rw-r--r-- 1 ahukkanen developers  493251 tammi   8 16:47 8728-277caafb91a97957506c.js.map.gz
-rw-r--r-- 1 ahukkanen developers    7979 tammi   8 16:47 8780-5e174943d8e221af66ff.js
-rw-r--r-- 1 ahukkanen developers    2759 tammi   8 16:47 8780-5e174943d8e221af66ff.js.br
-rw-r--r-- 1 ahukkanen developers    3398 tammi   8 16:47 8780-5e174943d8e221af66ff.js.gz
-rw-r--r-- 1 ahukkanen developers     265 tammi   8 16:47 8780-5e174943d8e221af66ff.js.LICENSE.txt
-rw-r--r-- 1 ahukkanen developers   31141 tammi   8 16:47 8780-5e174943d8e221af66ff.js.map
-rw-r--r-- 1 ahukkanen developers    8302 tammi   8 16:47 8780-5e174943d8e221af66ff.js.map.br
-rw-r--r-- 1 ahukkanen developers    9592 tammi   8 16:47 8780-5e174943d8e221af66ff.js.map.gz
-rw-r--r-- 1 ahukkanen developers   49528 tammi   8 16:47 9007-ae84c929d5fe3f6f4c6d.js
-rw-r--r-- 1 ahukkanen developers   11542 tammi   8 16:47 9007-ae84c929d5fe3f6f4c6d.js.br
-rw-r--r-- 1 ahukkanen developers   13047 tammi   8 16:47 9007-ae84c929d5fe3f6f4c6d.js.gz
-rw-r--r-- 1 ahukkanen developers  113313 tammi   8 16:47 9007-ae84c929d5fe3f6f4c6d.js.map
-rw-r--r-- 1 ahukkanen developers   27344 tammi   8 16:47 9007-ae84c929d5fe3f6f4c6d.js.map.br
-rw-r--r-- 1 ahukkanen developers   30661 tammi   8 16:47 9007-ae84c929d5fe3f6f4c6d.js.map.gz
-rw-r--r-- 1 ahukkanen developers    3074 tammi   8 16:47 924-97e56d94c411b44c98fd.chunk.js
-rw-r--r-- 1 ahukkanen developers    1165 tammi   8 16:47 924-97e56d94c411b44c98fd.chunk.js.br
-rw-r--r-- 1 ahukkanen developers    1336 tammi   8 16:47 924-97e56d94c411b44c98fd.chunk.js.gz
-rw-r--r-- 1 ahukkanen developers   10879 tammi   8 16:47 924-97e56d94c411b44c98fd.chunk.js.map
-rw-r--r-- 1 ahukkanen developers    3147 tammi   8 16:47 924-97e56d94c411b44c98fd.chunk.js.map.br
-rw-r--r-- 1 ahukkanen developers    3495 tammi   8 16:47 924-97e56d94c411b44c98fd.chunk.js.map.gz
-rw-r--r-- 1 ahukkanen developers    3562 tammi   8 16:47 9253-fba5fd7f161bf1deaa44.chunk.js
-rw-r--r-- 1 ahukkanen developers    1446 tammi   8 16:47 9253-fba5fd7f161bf1deaa44.chunk.js.br
-rw-r--r-- 1 ahukkanen developers    1586 tammi   8 16:47 9253-fba5fd7f161bf1deaa44.chunk.js.gz
-rw-r--r-- 1 ahukkanen developers   12924 tammi   8 16:47 9253-fba5fd7f161bf1deaa44.chunk.js.map
-rw-r--r-- 1 ahukkanen developers    4014 tammi   8 16:47 9253-fba5fd7f161bf1deaa44.chunk.js.map.br
-rw-r--r-- 1 ahukkanen developers    4345 tammi   8 16:47 9253-fba5fd7f161bf1deaa44.chunk.js.map.gz
-rw-r--r-- 1 ahukkanen developers   34101 tammi   8 16:47 9389-834b8e2305f897864c97.js
-rw-r--r-- 1 ahukkanen developers    7845 tammi   8 16:47 9389-834b8e2305f897864c97.js.br
-rw-r--r-- 1 ahukkanen developers    8676 tammi   8 16:47 9389-834b8e2305f897864c97.js.gz
-rw-r--r-- 1 ahukkanen developers  134749 tammi   8 16:47 9389-834b8e2305f897864c97.js.map
-rw-r--r-- 1 ahukkanen developers   31783 tammi   8 16:47 9389-834b8e2305f897864c97.js.map.br
-rw-r--r-- 1 ahukkanen developers   36758 tammi   8 16:47 9389-834b8e2305f897864c97.js.map.gz
-rw-r--r-- 1 ahukkanen developers    4040 tammi   8 16:47 93-a6a1da19815540a61abb.chunk.js
-rw-r--r-- 1 ahukkanen developers    1593 tammi   8 16:47 93-a6a1da19815540a61abb.chunk.js.br
-rw-r--r-- 1 ahukkanen developers    1740 tammi   8 16:47 93-a6a1da19815540a61abb.chunk.js.gz
-rw-r--r-- 1 ahukkanen developers   13914 tammi   8 16:47 93-a6a1da19815540a61abb.chunk.js.map
-rw-r--r-- 1 ahukkanen developers    4193 tammi   8 16:47 93-a6a1da19815540a61abb.chunk.js.map.br
-rw-r--r-- 1 ahukkanen developers    4593 tammi   8 16:47 93-a6a1da19815540a61abb.chunk.js.map.gz
-rw-r--r-- 1 ahukkanen developers   14303 tammi   8 16:47 9405-3321b94573baf55f93bd.js
-rw-r--r-- 1 ahukkanen developers    4587 tammi   8 16:47 9405-3321b94573baf55f93bd.js.br
-rw-r--r-- 1 ahukkanen developers    5104 tammi   8 16:47 9405-3321b94573baf55f93bd.js.gz
-rw-r--r-- 1 ahukkanen developers   46128 tammi   8 16:47 9405-3321b94573baf55f93bd.js.map
-rw-r--r-- 1 ahukkanen developers   13463 tammi   8 16:47 9405-3321b94573baf55f93bd.js.map.br
-rw-r--r-- 1 ahukkanen developers   15081 tammi   8 16:47 9405-3321b94573baf55f93bd.js.map.gz
-rw-r--r-- 1 ahukkanen developers   11643 tammi   8 16:47 9669-c5c85c9d464e6fade485.chunk.js
-rw-r--r-- 1 ahukkanen developers    3902 tammi   8 16:47 9669-c5c85c9d464e6fade485.chunk.js.br
-rw-r--r-- 1 ahukkanen developers    4312 tammi   8 16:47 9669-c5c85c9d464e6fade485.chunk.js.gz
-rw-r--r-- 1 ahukkanen developers   40062 tammi   8 16:47 9669-c5c85c9d464e6fade485.chunk.js.map
-rw-r--r-- 1 ahukkanen developers   11157 tammi   8 16:47 9669-c5c85c9d464e6fade485.chunk.js.map.br
-rw-r--r-- 1 ahukkanen developers   12299 tammi   8 16:47 9669-c5c85c9d464e6fade485.chunk.js.map.gz
-rw-r--r-- 1 ahukkanen developers  109783 tammi   8 16:47 9697-1b446cfb1761b8b0a50b.js
-rw-r--r-- 1 ahukkanen developers   26741 tammi   8 16:47 9697-1b446cfb1761b8b0a50b.js.br
-rw-r--r-- 1 ahukkanen developers   30499 tammi   8 16:47 9697-1b446cfb1761b8b0a50b.js.gz
-rw-r--r-- 1 ahukkanen developers  306447 tammi   8 16:47 9697-1b446cfb1761b8b0a50b.js.map
-rw-r--r-- 1 ahukkanen developers   67162 tammi   8 16:47 9697-1b446cfb1761b8b0a50b.js.map.br
-rw-r--r-- 1 ahukkanen developers   76652 tammi   8 16:47 9697-1b446cfb1761b8b0a50b.js.map.gz
-rw-r--r-- 1 ahukkanen developers  343840 tammi   8 16:47 9725-74d235be6479e829765b.js
-rw-r--r-- 1 ahukkanen developers   59700 tammi   8 16:47 9725-74d235be6479e829765b.js.br
-rw-r--r-- 1 ahukkanen developers   72749 tammi   8 16:47 9725-74d235be6479e829765b.js.gz
-rw-r--r-- 1 ahukkanen developers    1521 tammi   8 16:47 9725-74d235be6479e829765b.js.LICENSE.txt
-rw-r--r-- 1 ahukkanen developers  689071 tammi   8 16:47 9725-74d235be6479e829765b.js.map
-rw-r--r-- 1 ahukkanen developers  130032 tammi   8 16:47 9725-74d235be6479e829765b.js.map.br
-rw-r--r-- 1 ahukkanen developers  153383 tammi   8 16:47 9725-74d235be6479e829765b.js.map.gz
-rw-r--r-- 1 ahukkanen developers     738 tammi   8 16:47 decidim_accountability_admin-8f67d0d1b70e32458086.js
-rw-r--r-- 1 ahukkanen developers     378 tammi   8 16:47 decidim_accountability_admin-8f67d0d1b70e32458086.js.br
-rw-r--r-- 1 ahukkanen developers     440 tammi   8 16:47 decidim_accountability_admin-8f67d0d1b70e32458086.js.gz
-rw-r--r-- 1 ahukkanen developers    3384 tammi   8 16:47 decidim_accountability_admin-8f67d0d1b70e32458086.js.map
-rw-r--r-- 1 ahukkanen developers    1293 tammi   8 16:47 decidim_accountability_admin-8f67d0d1b70e32458086.js.map.br
-rw-r--r-- 1 ahukkanen developers    1448 tammi   8 16:47 decidim_accountability_admin-8f67d0d1b70e32458086.js.map.gz
-rw-r--r-- 1 ahukkanen developers    5929 tammi   8 16:47 decidim_accountability-d9329986553d1335ce82.js
-rw-r--r-- 1 ahukkanen developers    2331 tammi   8 16:47 decidim_accountability-d9329986553d1335ce82.js.br
-rw-r--r-- 1 ahukkanen developers    2571 tammi   8 16:47 decidim_accountability-d9329986553d1335ce82.js.gz
-rw-r--r-- 1 ahukkanen developers   60333 tammi   8 16:47 decidim_accountability-d9329986553d1335ce82.js.map
-rw-r--r-- 1 ahukkanen developers   15443 tammi   8 16:47 decidim_accountability-d9329986553d1335ce82.js.map.br
-rw-r--r-- 1 ahukkanen developers   17692 tammi   8 16:47 decidim_accountability-d9329986553d1335ce82.js.map.gz
-rw-r--r-- 1 ahukkanen developers   24726 tammi   8 16:47 decidim_accountability_simple_admin-9ea9843ea426d3c5c54a.js
-rw-r--r-- 1 ahukkanen developers    6013 tammi   8 16:47 decidim_accountability_simple_admin-9ea9843ea426d3c5c54a.js.br
-rw-r--r-- 1 ahukkanen developers    6857 tammi   8 16:47 decidim_accountability_simple_admin-9ea9843ea426d3c5c54a.js.gz
-rw-r--r-- 1 ahukkanen developers   61798 tammi   8 16:47 decidim_accountability_simple_admin-9ea9843ea426d3c5c54a.js.map
-rw-r--r-- 1 ahukkanen developers   16337 tammi   8 16:47 decidim_accountability_simple_admin-9ea9843ea426d3c5c54a.js.map.br
-rw-r--r-- 1 ahukkanen developers   18572 tammi   8 16:47 decidim_accountability_simple_admin-9ea9843ea426d3c5c54a.js.map.gz
-rw-r--r-- 1 ahukkanen developers     772 tammi   8 16:47 decidim_accountability_simple-b3825323abf2af29ede4.js
-rw-r--r-- 1 ahukkanen developers     400 tammi   8 16:47 decidim_accountability_simple-b3825323abf2af29ede4.js.br
-rw-r--r-- 1 ahukkanen developers     472 tammi   8 16:47 decidim_accountability_simple-b3825323abf2af29ede4.js.gz
-rw-r--r-- 1 ahukkanen developers    3173 tammi   8 16:47 decidim_accountability_simple-b3825323abf2af29ede4.js.map
-rw-r--r-- 1 ahukkanen developers    1192 tammi   8 16:47 decidim_accountability_simple-b3825323abf2af29ede4.js.map.br
-rw-r--r-- 1 ahukkanen developers    1317 tammi   8 16:47 decidim_accountability_simple-b3825323abf2af29ede4.js.map.gz
-rw-r--r-- 1 ahukkanen developers    3014 tammi   8 16:47 decidim_account_publish_handler-dbbcf6cd8a30a048d0c2.js
-rw-r--r-- 1 ahukkanen developers     921 tammi   8 16:47 decidim_account_publish_handler-dbbcf6cd8a30a048d0c2.js.br
-rw-r--r-- 1 ahukkanen developers    1082 tammi   8 16:47 decidim_account_publish_handler-dbbcf6cd8a30a048d0c2.js.gz
-rw-r--r-- 1 ahukkanen developers   10790 tammi   8 16:47 decidim_account_publish_handler-dbbcf6cd8a30a048d0c2.js.map
-rw-r--r-- 1 ahukkanen developers    3145 tammi   8 16:47 decidim_account_publish_handler-dbbcf6cd8a30a048d0c2.js.map.br
-rw-r--r-- 1 ahukkanen developers    3546 tammi   8 16:47 decidim_account_publish_handler-dbbcf6cd8a30a048d0c2.js.map.gz
-rw-r--r-- 1 ahukkanen developers   41587 tammi   8 16:47 decidim_admin-1199c38dcc9170d08ee6.js
-rw-r--r-- 1 ahukkanen developers    9751 tammi   8 16:47 decidim_admin-1199c38dcc9170d08ee6.js.br
-rw-r--r-- 1 ahukkanen developers   11116 tammi   8 16:47 decidim_admin-1199c38dcc9170d08ee6.js.gz
-rw-r--r-- 1 ahukkanen developers     322 tammi   8 16:47 decidim_admin-1199c38dcc9170d08ee6.js.LICENSE.txt
-rw-r--r-- 1 ahukkanen developers  121192 tammi   8 16:47 decidim_admin-1199c38dcc9170d08ee6.js.map
-rw-r--r-- 1 ahukkanen developers   30519 tammi   8 16:47 decidim_admin-1199c38dcc9170d08ee6.js.map.br
-rw-r--r-- 1 ahukkanen developers   35090 tammi   8 16:47 decidim_admin-1199c38dcc9170d08ee6.js.map.gz
-rw-r--r-- 1 ahukkanen developers       0 tammi   8 16:47 decidim_api_docs-31d6cfe0d16ae931b73c.js
-rw-r--r-- 1 ahukkanen developers  686482 tammi   8 16:47 decidim_api_graphiql-8db94f33a88da735451a.js
-rw-r--r-- 1 ahukkanen developers  148094 tammi   8 16:47 decidim_api_graphiql-8db94f33a88da735451a.js.br
-rw-r--r-- 1 ahukkanen developers  198195 tammi   8 16:47 decidim_api_graphiql-8db94f33a88da735451a.js.gz
-rw-r--r-- 1 ahukkanen developers    1683 tammi   8 16:47 decidim_api_graphiql-8db94f33a88da735451a.js.LICENSE.txt
-rw-r--r-- 1 ahukkanen developers 2351442 tammi   8 16:47 decidim_api_graphiql-8db94f33a88da735451a.js.map
-rw-r--r-- 1 ahukkanen developers  468657 tammi   8 16:47 decidim_api_graphiql-8db94f33a88da735451a.js.map.br
-rw-r--r-- 1 ahukkanen developers  587478 tammi   8 16:47 decidim_api_graphiql-8db94f33a88da735451a.js.map.gz
-rw-r--r-- 1 ahukkanen developers    3930 tammi   8 16:47 decidim_assemblies_admin-1368f5ae78556092eb82.js
-rw-r--r-- 1 ahukkanen developers    1231 tammi   8 16:47 decidim_assemblies_admin-1368f5ae78556092eb82.js.br
-rw-r--r-- 1 ahukkanen developers    1401 tammi   8 16:47 decidim_assemblies_admin-1368f5ae78556092eb82.js.gz
-rw-r--r-- 1 ahukkanen developers   10264 tammi   8 16:47 decidim_assemblies_admin-1368f5ae78556092eb82.js.map
-rw-r--r-- 1 ahukkanen developers    2711 tammi   8 16:47 decidim_assemblies_admin-1368f5ae78556092eb82.js.map.br
-rw-r--r-- 1 ahukkanen developers    3009 tammi   8 16:47 decidim_assemblies_admin-1368f5ae78556092eb82.js.map.gz
-rw-r--r-- 1 ahukkanen developers   13509 tammi   8 16:47 decidim_assemblies-d9d4519810f913b78fc1.js
-rw-r--r-- 1 ahukkanen developers    3830 tammi   8 16:47 decidim_assemblies-d9d4519810f913b78fc1.js.br
-rw-r--r-- 1 ahukkanen developers    4228 tammi   8 16:47 decidim_assemblies-d9d4519810f913b78fc1.js.gz
-rw-r--r-- 1 ahukkanen developers   45566 tammi   8 16:47 decidim_assemblies-d9d4519810f913b78fc1.js.map
-rw-r--r-- 1 ahukkanen developers   12581 tammi   8 16:47 decidim_assemblies-d9d4519810f913b78fc1.js.map.br
-rw-r--r-- 1 ahukkanen developers   14107 tammi   8 16:47 decidim_assemblies-d9d4519810f913b78fc1.js.map.gz
-rw-r--r-- 1 ahukkanen developers     690 tammi   8 16:47 decidim_backup_confirmation-1e0fc23365224fe1f429.js
-rw-r--r-- 1 ahukkanen developers     352 tammi   8 16:47 decidim_backup_confirmation-1e0fc23365224fe1f429.js.br
-rw-r--r-- 1 ahukkanen developers     407 tammi   8 16:47 decidim_backup_confirmation-1e0fc23365224fe1f429.js.gz
-rw-r--r-- 1 ahukkanen developers    3321 tammi   8 16:47 decidim_backup_confirmation-1e0fc23365224fe1f429.js.map
-rw-r--r-- 1 ahukkanen developers    1248 tammi   8 16:47 decidim_backup_confirmation-1e0fc23365224fe1f429.js.map.br
-rw-r--r-- 1 ahukkanen developers    1379 tammi   8 16:47 decidim_backup_confirmation-1e0fc23365224fe1f429.js.map.gz
-rw-r--r-- 1 ahukkanen developers     738 tammi   8 16:47 decidim_blogs-77c2d7a72ac7220afd96.js
-rw-r--r-- 1 ahukkanen developers     397 tammi   8 16:47 decidim_blogs-77c2d7a72ac7220afd96.js.br
-rw-r--r-- 1 ahukkanen developers     462 tammi   8 16:47 decidim_blogs-77c2d7a72ac7220afd96.js.gz
-rw-r--r-- 1 ahukkanen developers    3065 tammi   8 16:47 decidim_blogs-77c2d7a72ac7220afd96.js.map
-rw-r--r-- 1 ahukkanen developers    1172 tammi   8 16:47 decidim_blogs-77c2d7a72ac7220afd96.js.map.br
-rw-r--r-- 1 ahukkanen developers    1293 tammi   8 16:47 decidim_blogs-77c2d7a72ac7220afd96.js.map.gz
-rw-r--r-- 1 ahukkanen developers    1531 tammi   8 16:47 decidim_budgeting_pipeline_admin_projects-528bbb497f295f024b9a.js
-rw-r--r-- 1 ahukkanen developers     606 tammi   8 16:47 decidim_budgeting_pipeline_admin_projects-528bbb497f295f024b9a.js.br
-rw-r--r-- 1 ahukkanen developers     704 tammi   8 16:47 decidim_budgeting_pipeline_admin_projects-528bbb497f295f024b9a.js.gz
-rw-r--r-- 1 ahukkanen developers    9812 tammi   8 16:47 decidim_budgeting_pipeline_admin_projects-528bbb497f295f024b9a.js.map
-rw-r--r-- 1 ahukkanen developers    3035 tammi   8 16:47 decidim_budgeting_pipeline_admin_projects-528bbb497f295f024b9a.js.map.br
-rw-r--r-- 1 ahukkanen developers    3511 tammi   8 16:47 decidim_budgeting_pipeline_admin_projects-528bbb497f295f024b9a.js.map.gz
-rw-r--r-- 1 ahukkanen developers     880 tammi   8 16:47 decidim_budgeting_pipeline_budgets-092633029604f9e8b40d.js
-rw-r--r-- 1 ahukkanen developers     423 tammi   8 16:47 decidim_budgeting_pipeline_budgets-092633029604f9e8b40d.js.br
-rw-r--r-- 1 ahukkanen developers     493 tammi   8 16:47 decidim_budgeting_pipeline_budgets-092633029604f9e8b40d.js.gz
-rw-r--r-- 1 ahukkanen developers    4069 tammi   8 16:47 decidim_budgeting_pipeline_budgets-092633029604f9e8b40d.js.map
-rw-r--r-- 1 ahukkanen developers    1505 tammi   8 16:47 decidim_budgeting_pipeline_budgets-092633029604f9e8b40d.js.map.br
-rw-r--r-- 1 ahukkanen developers    1669 tammi   8 16:47 decidim_budgeting_pipeline_budgets-092633029604f9e8b40d.js.map.gz
-rw-r--r-- 1 ahukkanen developers     773 tammi   8 16:47 decidim_budgeting_pipeline-c08f6740bb6b511daf7a.js
-rw-r--r-- 1 ahukkanen developers     414 tammi   8 16:47 decidim_budgeting_pipeline-c08f6740bb6b511daf7a.js.br
-rw-r--r-- 1 ahukkanen developers     487 tammi   8 16:47 decidim_budgeting_pipeline-c08f6740bb6b511daf7a.js.gz
-rw-r--r-- 1 ahukkanen developers    3172 tammi   8 16:47 decidim_budgeting_pipeline-c08f6740bb6b511daf7a.js.map
-rw-r--r-- 1 ahukkanen developers    1223 tammi   8 16:47 decidim_budgeting_pipeline-c08f6740bb6b511daf7a.js.map.br
-rw-r--r-- 1 ahukkanen developers    1333 tammi   8 16:47 decidim_budgeting_pipeline-c08f6740bb6b511daf7a.js.map.gz
-rw-r--r-- 1 ahukkanen developers    1589 tammi   8 16:47 decidim_budgeting_pipeline_preview-0661365c80b870a27f2d.js
-rw-r--r-- 1 ahukkanen developers     609 tammi   8 16:47 decidim_budgeting_pipeline_preview-0661365c80b870a27f2d.js.br
-rw-r--r-- 1 ahukkanen developers     727 tammi   8 16:47 decidim_budgeting_pipeline_preview-0661365c80b870a27f2d.js.gz
-rw-r--r-- 1 ahukkanen developers    6597 tammi   8 16:47 decidim_budgeting_pipeline_preview-0661365c80b870a27f2d.js.map
-rw-r--r-- 1 ahukkanen developers    2130 tammi   8 16:47 decidim_budgeting_pipeline_preview-0661365c80b870a27f2d.js.map.br
-rw-r--r-- 1 ahukkanen developers    2374 tammi   8 16:47 decidim_budgeting_pipeline_preview-0661365c80b870a27f2d.js.map.gz
-rw-r--r-- 1 ahukkanen developers    2542 tammi   8 16:47 decidim_budgeting_pipeline_projects-db7e1435b07381f5ce10.js
-rw-r--r-- 1 ahukkanen developers     891 tammi   8 16:47 decidim_budgeting_pipeline_projects-db7e1435b07381f5ce10.js.br
-rw-r--r-- 1 ahukkanen developers    1082 tammi   8 16:47 decidim_budgeting_pipeline_projects-db7e1435b07381f5ce10.js.gz
-rw-r--r-- 1 ahukkanen developers    8922 tammi   8 16:47 decidim_budgeting_pipeline_projects-db7e1435b07381f5ce10.js.map
-rw-r--r-- 1 ahukkanen developers    2779 tammi   8 16:47 decidim_budgeting_pipeline_projects-db7e1435b07381f5ce10.js.map.br
-rw-r--r-- 1 ahukkanen developers    3141 tammi   8 16:47 decidim_budgeting_pipeline_projects-db7e1435b07381f5ce10.js.map.gz
-rw-r--r-- 1 ahukkanen developers    3402 tammi   8 16:47 decidim_budgets-55633ec2b6d26d5bc767.js
-rw-r--r-- 1 ahukkanen developers    1283 tammi   8 16:47 decidim_budgets-55633ec2b6d26d5bc767.js.br
-rw-r--r-- 1 ahukkanen developers    1494 tammi   8 16:47 decidim_budgets-55633ec2b6d26d5bc767.js.gz
-rw-r--r-- 1 ahukkanen developers   13126 tammi   8 16:47 decidim_budgets-55633ec2b6d26d5bc767.js.map
-rw-r--r-- 1 ahukkanen developers    3977 tammi   8 16:47 decidim_budgets-55633ec2b6d26d5bc767.js.map.br
-rw-r--r-- 1 ahukkanen developers    4457 tammi   8 16:47 decidim_budgets-55633ec2b6d26d5bc767.js.map.gz
-rw-r--r-- 1 ahukkanen developers    3054 tammi   8 16:47 decidim_budgets_admin-172674d033e1b6e3e2b0.js
-rw-r--r-- 1 ahukkanen developers     920 tammi   8 16:47 decidim_budgets_admin-172674d033e1b6e3e2b0.js.br
-rw-r--r-- 1 ahukkanen developers    1066 tammi   8 16:47 decidim_budgets_admin-172674d033e1b6e3e2b0.js.gz
-rw-r--r-- 1 ahukkanen developers    9953 tammi   8 16:47 decidim_budgets_admin-172674d033e1b6e3e2b0.js.map
-rw-r--r-- 1 ahukkanen developers    2777 tammi   8 16:47 decidim_budgets_admin-172674d033e1b6e3e2b0.js.map.br
-rw-r--r-- 1 ahukkanen developers    3129 tammi   8 16:47 decidim_budgets_admin-172674d033e1b6e3e2b0.js.map.gz
-rw-r--r-- 1 ahukkanen developers       0 tammi   8 16:47 decidim_conference_diploma-31d6cfe0d16ae931b73c.js
-rw-r--r-- 1 ahukkanen developers   82924 tammi   8 16:47 decidim_core-b66ed1603c962fcf02cd.js
-rw-r--r-- 1 ahukkanen developers   20319 tammi   8 16:47 decidim_core-b66ed1603c962fcf02cd.js.br
-rw-r--r-- 1 ahukkanen developers   23749 tammi   8 16:47 decidim_core-b66ed1603c962fcf02cd.js.gz
-rw-r--r-- 1 ahukkanen developers      94 tammi   8 16:47 decidim_core-b66ed1603c962fcf02cd.js.LICENSE.txt
-rw-r--r-- 1 ahukkanen developers  207085 tammi   8 16:47 decidim_core-b66ed1603c962fcf02cd.js.map
-rw-r--r-- 1 ahukkanen developers   53695 tammi   8 16:47 decidim_core-b66ed1603c962fcf02cd.js.map.br
-rw-r--r-- 1 ahukkanen developers   61676 tammi   8 16:47 decidim_core-b66ed1603c962fcf02cd.js.map.gz
-rw-r--r-- 1 ahukkanen developers    3154 tammi   8 16:47 decidim_debates_admin-bc9a9be53c2119f32308.js
-rw-r--r-- 1 ahukkanen developers    1132 tammi   8 16:47 decidim_debates_admin-bc9a9be53c2119f32308.js.br
-rw-r--r-- 1 ahukkanen developers    1294 tammi   8 16:47 decidim_debates_admin-bc9a9be53c2119f32308.js.gz
-rw-r--r-- 1 ahukkanen developers    6956 tammi   8 16:47 decidim_debates_admin-bc9a9be53c2119f32308.js.map
-rw-r--r-- 1 ahukkanen developers    2200 tammi   8 16:47 decidim_debates_admin-bc9a9be53c2119f32308.js.map.br
-rw-r--r-- 1 ahukkanen developers    2455 tammi   8 16:47 decidim_debates_admin-bc9a9be53c2119f32308.js.map.gz
-rw-r--r-- 1 ahukkanen developers    6722 tammi   8 16:47 decidim_dev-4739196e8585045cc04f.js
-rw-r--r-- 1 ahukkanen developers    2169 tammi   8 16:47 decidim_dev-4739196e8585045cc04f.js.br
-rw-r--r-- 1 ahukkanen developers    2452 tammi   8 16:47 decidim_dev-4739196e8585045cc04f.js.gz
-rw-r--r-- 1 ahukkanen developers   22591 tammi   8 16:47 decidim_dev-4739196e8585045cc04f.js.map
-rw-r--r-- 1 ahukkanen developers    6917 tammi   8 16:47 decidim_dev-4739196e8585045cc04f.js.map.br
-rw-r--r-- 1 ahukkanen developers    7725 tammi   8 16:47 decidim_dev-4739196e8585045cc04f.js.map.gz
-rw-r--r-- 1 ahukkanen developers    4103 tammi   8 16:47 decidim_dev_test_custom_map-63128b0c51a9ccaf9d8b.js
-rw-r--r-- 1 ahukkanen developers    1610 tammi   8 16:47 decidim_dev_test_custom_map-63128b0c51a9ccaf9d8b.js.br
-rw-r--r-- 1 ahukkanen developers    1783 tammi   8 16:47 decidim_dev_test_custom_map-63128b0c51a9ccaf9d8b.js.gz
-rw-r--r-- 1 ahukkanen developers   10431 tammi   8 16:47 decidim_dev_test_custom_map-63128b0c51a9ccaf9d8b.js.map
-rw-r--r-- 1 ahukkanen developers    3626 tammi   8 16:47 decidim_dev_test_custom_map-63128b0c51a9ccaf9d8b.js.map.br
-rw-r--r-- 1 ahukkanen developers    4019 tammi   8 16:47 decidim_dev_test_custom_map-63128b0c51a9ccaf9d8b.js.map.gz
-rw-r--r-- 1 ahukkanen developers       0 tammi   8 16:47 decidim_email-31d6cfe0d16ae931b73c.js
-rw-r--r-- 1 ahukkanen developers    8421 tammi   8 16:47 decidim_feedback_admin-f3c1b3236c3fc72f2bc3.js
-rw-r--r-- 1 ahukkanen developers    2006 tammi   8 16:47 decidim_feedback_admin-f3c1b3236c3fc72f2bc3.js.br
-rw-r--r-- 1 ahukkanen developers    2317 tammi   8 16:47 decidim_feedback_admin-f3c1b3236c3fc72f2bc3.js.gz
-rw-r--r-- 1 ahukkanen developers   20349 tammi   8 16:47 decidim_feedback_admin-f3c1b3236c3fc72f2bc3.js.map
-rw-r--r-- 1 ahukkanen developers    5321 tammi   8 16:47 decidim_feedback_admin-f3c1b3236c3fc72f2bc3.js.map.br
-rw-r--r-- 1 ahukkanen developers    6105 tammi   8 16:47 decidim_feedback_admin-f3c1b3236c3fc72f2bc3.js.map.gz
-rw-r--r-- 1 ahukkanen developers    1346 tammi   8 16:47 decidim_feedback-c94eabfbc44c6f57f721.js
-rw-r--r-- 1 ahukkanen developers     549 tammi   8 16:47 decidim_feedback-c94eabfbc44c6f57f721.js.br
-rw-r--r-- 1 ahukkanen developers     655 tammi   8 16:47 decidim_feedback-c94eabfbc44c6f57f721.js.gz
-rw-r--r-- 1 ahukkanen developers    5868 tammi   8 16:47 decidim_feedback-c94eabfbc44c6f57f721.js.map
-rw-r--r-- 1 ahukkanen developers    1963 tammi   8 16:47 decidim_feedback-c94eabfbc44c6f57f721.js.map.br
-rw-r--r-- 1 ahukkanen developers    2205 tammi   8 16:47 decidim_feedback-c94eabfbc44c6f57f721.js.map.gz
-rw-r--r-- 1 ahukkanen developers   12373 tammi   8 16:47 decidim_forms-02baf53597250a8f5944.js
-rw-r--r-- 1 ahukkanen developers    2652 tammi   8 16:47 decidim_forms-02baf53597250a8f5944.js.br
-rw-r--r-- 1 ahukkanen developers    3033 tammi   8 16:47 decidim_forms-02baf53597250a8f5944.js.gz
-rw-r--r-- 1 ahukkanen developers   26000 tammi   8 16:47 decidim_forms-02baf53597250a8f5944.js.map
-rw-r--r-- 1 ahukkanen developers    6470 tammi   8 16:47 decidim_forms-02baf53597250a8f5944.js.map.br
-rw-r--r-- 1 ahukkanen developers    7197 tammi   8 16:47 decidim_forms-02baf53597250a8f5944.js.map.gz
-rw-r--r-- 1 ahukkanen developers   34672 tammi   8 16:47 decidim_forms_admin-06e84159e6726c47e148.js
-rw-r--r-- 1 ahukkanen developers    7098 tammi   8 16:47 decidim_forms_admin-06e84159e6726c47e148.js.br
-rw-r--r-- 1 ahukkanen developers    8048 tammi   8 16:47 decidim_forms_admin-06e84159e6726c47e148.js.gz
-rw-r--r-- 1 ahukkanen developers   83284 tammi   8 16:47 decidim_forms_admin-06e84159e6726c47e148.js.map
-rw-r--r-- 1 ahukkanen developers   20320 tammi   8 16:47 decidim_forms_admin-06e84159e6726c47e148.js.map.br
-rw-r--r-- 1 ahukkanen developers   23101 tammi   8 16:47 decidim_forms_admin-06e84159e6726c47e148.js.map.gz
-rw-r--r-- 1 ahukkanen developers    2995 tammi   8 16:47 decidim_geocoding_provider_helsinki-e8cac7eacc9a7a28798f.js
-rw-r--r-- 1 ahukkanen developers    1330 tammi   8 16:47 decidim_geocoding_provider_helsinki-e8cac7eacc9a7a28798f.js.br
-rw-r--r-- 1 ahukkanen developers    1490 tammi   8 16:47 decidim_geocoding_provider_helsinki-e8cac7eacc9a7a28798f.js.gz
-rw-r--r-- 1 ahukkanen developers   11505 tammi   8 16:47 decidim_geocoding_provider_helsinki-e8cac7eacc9a7a28798f.js.map
-rw-r--r-- 1 ahukkanen developers    3786 tammi   8 16:47 decidim_geocoding_provider_helsinki-e8cac7eacc9a7a28798f.js.map.br
-rw-r--r-- 1 ahukkanen developers    4170 tammi   8 16:47 decidim_geocoding_provider_helsinki-e8cac7eacc9a7a28798f.js.map.gz
-rw-r--r-- 1 ahukkanen developers    2779 tammi   8 16:47 decidim_geocoding_provider_here-11211c9ec0930ba6b0fe.js
-rw-r--r-- 1 ahukkanen developers    1215 tammi   8 16:47 decidim_geocoding_provider_here-11211c9ec0930ba6b0fe.js.br
-rw-r--r-- 1 ahukkanen developers    1374 tammi   8 16:47 decidim_geocoding_provider_here-11211c9ec0930ba6b0fe.js.gz
-rw-r--r-- 1 ahukkanen developers   14263 tammi   8 16:47 decidim_geocoding_provider_here-11211c9ec0930ba6b0fe.js.map
-rw-r--r-- 1 ahukkanen developers    4662 tammi   8 16:47 decidim_geocoding_provider_here-11211c9ec0930ba6b0fe.js.map.br
-rw-r--r-- 1 ahukkanen developers    5238 tammi   8 16:47 decidim_geocoding_provider_here-11211c9ec0930ba6b0fe.js.map.gz
-rw-r--r-- 1 ahukkanen developers    2484 tammi   8 16:47 decidim_geocoding_provider_photon-1c86e12e0150a4dd1894.js
-rw-r--r-- 1 ahukkanen developers    1164 tammi   8 16:47 decidim_geocoding_provider_photon-1c86e12e0150a4dd1894.js.br
-rw-r--r-- 1 ahukkanen developers    1309 tammi   8 16:47 decidim_geocoding_provider_photon-1c86e12e0150a4dd1894.js.gz
-rw-r--r-- 1 ahukkanen developers   13275 tammi   8 16:47 decidim_geocoding_provider_photon-1c86e12e0150a4dd1894.js.map
-rw-r--r-- 1 ahukkanen developers    4457 tammi   8 16:47 decidim_geocoding_provider_photon-1c86e12e0150a4dd1894.js.map.br
-rw-r--r-- 1 ahukkanen developers    5001 tammi   8 16:47 decidim_geocoding_provider_photon-1c86e12e0150a4dd1894.js.map.gz
-rw-r--r-- 1 ahukkanen developers   38362 tammi   8 16:47 decidim_helsinki_smsauth-536c4c9b3c34fd04ff2e.js
-rw-r--r-- 1 ahukkanen developers    5749 tammi   8 16:47 decidim_helsinki_smsauth-536c4c9b3c34fd04ff2e.js.br
-rw-r--r-- 1 ahukkanen developers    8038 tammi   8 16:47 decidim_helsinki_smsauth-536c4c9b3c34fd04ff2e.js.gz
-rw-r--r-- 1 ahukkanen developers   21282 tammi   8 16:47 decidim_helsinki_smsauth-536c4c9b3c34fd04ff2e.js.map
-rw-r--r-- 1 ahukkanen developers    2480 tammi   8 16:47 decidim_helsinki_smsauth-536c4c9b3c34fd04ff2e.js.map.br
-rw-r--r-- 1 ahukkanen developers    3466 tammi   8 16:47 decidim_helsinki_smsauth-536c4c9b3c34fd04ff2e.js.map.gz
-rw-r--r-- 1 ahukkanen developers    1300 tammi   8 16:47 decidim_ideas-ac95796fba06c3097001.js
-rw-r--r-- 1 ahukkanen developers     526 tammi   8 16:47 decidim_ideas-ac95796fba06c3097001.js.br
-rw-r--r-- 1 ahukkanen developers     599 tammi   8 16:47 decidim_ideas-ac95796fba06c3097001.js.gz
-rw-r--r-- 1 ahukkanen developers    3370 tammi   8 16:47 decidim_ideas-ac95796fba06c3097001.js.map
-rw-r--r-- 1 ahukkanen developers    1270 tammi   8 16:47 decidim_ideas-ac95796fba06c3097001.js.map.br
-rw-r--r-- 1 ahukkanen developers    1401 tammi   8 16:47 decidim_ideas-ac95796fba06c3097001.js.map.gz
-rw-r--r-- 1 ahukkanen developers    1095 tammi   8 16:47 decidim_ideas_admin_component_settings-1e83f16dfbd001d0eb57.js
-rw-r--r-- 1 ahukkanen developers     506 tammi   8 16:47 decidim_ideas_admin_component_settings-1e83f16dfbd001d0eb57.js.br
-rw-r--r-- 1 ahukkanen developers     610 tammi   8 16:47 decidim_ideas_admin_component_settings-1e83f16dfbd001d0eb57.js.gz
-rw-r--r-- 1 ahukkanen developers    4553 tammi   8 16:47 decidim_ideas_admin_component_settings-1e83f16dfbd001d0eb57.js.map
-rw-r--r-- 1 ahukkanen developers    1704 tammi   8 16:47 decidim_ideas_admin_component_settings-1e83f16dfbd001d0eb57.js.map.br
-rw-r--r-- 1 ahukkanen developers    1899 tammi   8 16:47 decidim_ideas_admin_component_settings-1e83f16dfbd001d0eb57.js.map.gz
-rw-r--r-- 1 ahukkanen developers    3291 tammi   8 16:47 decidim_ideas_admin_ideas-dd56be1baea50b149939.js
-rw-r--r-- 1 ahukkanen developers     932 tammi   8 16:47 decidim_ideas_admin_ideas-dd56be1baea50b149939.js.br
-rw-r--r-- 1 ahukkanen developers    1085 tammi   8 16:47 decidim_ideas_admin_ideas-dd56be1baea50b149939.js.gz
-rw-r--r-- 1 ahukkanen developers    9659 tammi   8 16:47 decidim_ideas_admin_ideas-dd56be1baea50b149939.js.map
-rw-r--r-- 1 ahukkanen developers    2716 tammi   8 16:47 decidim_ideas_admin_ideas-dd56be1baea50b149939.js.map.br
-rw-r--r-- 1 ahukkanen developers    3054 tammi   8 16:47 decidim_ideas_admin_ideas-dd56be1baea50b149939.js.map.gz
-rw-r--r-- 1 ahukkanen developers    1129 tammi   8 16:47 decidim_ideas_admin_ideas_form-4f136b07ad59e4da5003.js
-rw-r--r-- 1 ahukkanen developers     487 tammi   8 16:47 decidim_ideas_admin_ideas_form-4f136b07ad59e4da5003.js.br
-rw-r--r-- 1 ahukkanen developers     578 tammi   8 16:47 decidim_ideas_admin_ideas_form-4f136b07ad59e4da5003.js.gz
-rw-r--r-- 1 ahukkanen developers    4904 tammi   8 16:47 decidim_ideas_admin_ideas_form-4f136b07ad59e4da5003.js.map
-rw-r--r-- 1 ahukkanen developers    1751 tammi   8 16:47 decidim_ideas_admin_ideas_form-4f136b07ad59e4da5003.js.map.br
-rw-r--r-- 1 ahukkanen developers    1942 tammi   8 16:47 decidim_ideas_admin_ideas_form-4f136b07ad59e4da5003.js.map.gz
-rw-r--r-- 1 ahukkanen developers    7744 tammi   8 16:47 decidim_ideas_idea_form-6344b79f7e784b243858.js
-rw-r--r-- 1 ahukkanen developers    2250 tammi   8 16:47 decidim_ideas_idea_form-6344b79f7e784b243858.js.br
-rw-r--r-- 1 ahukkanen developers    2614 tammi   8 16:47 decidim_ideas_idea_form-6344b79f7e784b243858.js.gz
-rw-r--r-- 1 ahukkanen developers   20276 tammi   8 16:47 decidim_ideas_idea_form-6344b79f7e784b243858.js.map
-rw-r--r-- 1 ahukkanen developers    5834 tammi   8 16:47 decidim_ideas_idea_form-6344b79f7e784b243858.js.map.br
-rw-r--r-- 1 ahukkanen developers    6576 tammi   8 16:47 decidim_ideas_idea_form-6344b79f7e784b243858.js.map.gz
-rw-r--r-- 1 ahukkanen developers    1129 tammi   8 16:47 decidim_ideas_idea_picker-babe3ea8daab3453d2e5.js
-rw-r--r-- 1 ahukkanen developers     549 tammi   8 16:47 decidim_ideas_idea_picker-babe3ea8daab3453d2e5.js.br
-rw-r--r-- 1 ahukkanen developers     634 tammi   8 16:47 decidim_ideas_idea_picker-babe3ea8daab3453d2e5.js.gz
-rw-r--r-- 1 ahukkanen developers    4826 tammi   8 16:47 decidim_ideas_idea_picker-babe3ea8daab3453d2e5.js.map
-rw-r--r-- 1 ahukkanen developers    1817 tammi   8 16:47 decidim_ideas_idea_picker-babe3ea8daab3453d2e5.js.map.br
-rw-r--r-- 1 ahukkanen developers    2023 tammi   8 16:47 decidim_ideas_idea_picker-babe3ea8daab3453d2e5.js.map.gz
-rw-r--r-- 1 ahukkanen developers    3510 tammi   8 16:47 decidim_ideas_idea_picker_inline-d38df0c6900653b90b08.js
-rw-r--r-- 1 ahukkanen developers    1160 tammi   8 16:47 decidim_ideas_idea_picker_inline-d38df0c6900653b90b08.js.br
-rw-r--r-- 1 ahukkanen developers    1339 tammi   8 16:47 decidim_ideas_idea_picker_inline-d38df0c6900653b90b08.js.gz
-rw-r--r-- 1 ahukkanen developers   12550 tammi   8 16:47 decidim_ideas_idea_picker_inline-d38df0c6900653b90b08.js.map
-rw-r--r-- 1 ahukkanen developers    3704 tammi   8 16:47 decidim_ideas_idea_picker_inline-d38df0c6900653b90b08.js.map.br
-rw-r--r-- 1 ahukkanen developers    4138 tammi   8 16:47 decidim_ideas_idea_picker_inline-d38df0c6900653b90b08.js.map.gz
-rw-r--r-- 1 ahukkanen developers     680 tammi   8 16:47 decidim_ideas_ideas_list-483d9067eac4e682db17.js
-rw-r--r-- 1 ahukkanen developers     355 tammi   8 16:47 decidim_ideas_ideas_list-483d9067eac4e682db17.js.br
-rw-r--r-- 1 ahukkanen developers     420 tammi   8 16:47 decidim_ideas_ideas_list-483d9067eac4e682db17.js.gz
-rw-r--r-- 1 ahukkanen developers    3199 tammi   8 16:47 decidim_ideas_ideas_list-483d9067eac4e682db17.js.map
-rw-r--r-- 1 ahukkanen developers    1245 tammi   8 16:47 decidim_ideas_ideas_list-483d9067eac4e682db17.js.map.br
-rw-r--r-- 1 ahukkanen developers    1371 tammi   8 16:47 decidim_ideas_ideas_list-483d9067eac4e682db17.js.map.gz
-rw-r--r-- 1 ahukkanen developers    9161 tammi   8 16:47 decidim_ideas_map-a2a450580dfbb91eaea9.js
-rw-r--r-- 1 ahukkanen developers    2626 tammi   8 16:47 decidim_ideas_map-a2a450580dfbb91eaea9.js.br
-rw-r--r-- 1 ahukkanen developers    2953 tammi   8 16:47 decidim_ideas_map-a2a450580dfbb91eaea9.js.gz
-rw-r--r-- 1 ahukkanen developers   20316 tammi   8 16:47 decidim_ideas_map-a2a450580dfbb91eaea9.js.map
-rw-r--r-- 1 ahukkanen developers    6169 tammi   8 16:47 decidim_ideas_map-a2a450580dfbb91eaea9.js.map.br
-rw-r--r-- 1 ahukkanen developers    6852 tammi   8 16:47 decidim_ideas_map-a2a450580dfbb91eaea9.js.map.gz
-rw-r--r-- 1 ahukkanen developers    8638 tammi   8 16:47 decidim_initiatives-2b6edfcd814e9b85fd04.js
-rw-r--r-- 1 ahukkanen developers    3085 tammi   8 16:47 decidim_initiatives-2b6edfcd814e9b85fd04.js.br
-rw-r--r-- 1 ahukkanen developers    3428 tammi   8 16:47 decidim_initiatives-2b6edfcd814e9b85fd04.js.gz
-rw-r--r-- 1 ahukkanen developers   23254 tammi   8 16:47 decidim_initiatives-2b6edfcd814e9b85fd04.js.map
-rw-r--r-- 1 ahukkanen developers    7324 tammi   8 16:47 decidim_initiatives-2b6edfcd814e9b85fd04.js.map.br
-rw-r--r-- 1 ahukkanen developers    8130 tammi   8 16:47 decidim_initiatives-2b6edfcd814e9b85fd04.js.map.gz
-rw-r--r-- 1 ahukkanen developers    2168 tammi   8 16:47 decidim_initiatives_admin-ae35a64e02f26bf0908d.js
-rw-r--r-- 1 ahukkanen developers     825 tammi   8 16:47 decidim_initiatives_admin-ae35a64e02f26bf0908d.js.br
-rw-r--r-- 1 ahukkanen developers     962 tammi   8 16:47 decidim_initiatives_admin-ae35a64e02f26bf0908d.js.gz
-rw-r--r-- 1 ahukkanen developers    7992 tammi   8 16:47 decidim_initiatives_admin-ae35a64e02f26bf0908d.js.map
-rw-r--r-- 1 ahukkanen developers    2560 tammi   8 16:47 decidim_initiatives_admin-ae35a64e02f26bf0908d.js.map.br
-rw-r--r-- 1 ahukkanen developers    2889 tammi   8 16:47 decidim_initiatives_admin-ae35a64e02f26bf0908d.js.map.gz
-rw-r--r-- 1 ahukkanen developers       0 tammi   8 16:47 decidim_initiatives_initiatives_votes-31d6cfe0d16ae931b73c.js
-rw-r--r-- 1 ahukkanen developers       0 tammi   8 16:47 decidim_initiatives_print-31d6cfe0d16ae931b73c.js
-rw-r--r-- 1 ahukkanen developers    1124 tammi   8 16:47 decidim_insights-113d1cb9ff73924f964f.js
-rw-r--r-- 1 ahukkanen developers     489 tammi   8 16:47 decidim_insights-113d1cb9ff73924f964f.js.br
-rw-r--r-- 1 ahukkanen developers     564 tammi   8 16:47 decidim_insights-113d1cb9ff73924f964f.js.gz
-rw-r--r-- 1 ahukkanen developers    3293 tammi   8 16:47 decidim_insights-113d1cb9ff73924f964f.js.map
-rw-r--r-- 1 ahukkanen developers    1248 tammi   8 16:47 decidim_insights-113d1cb9ff73924f964f.js.map.br
-rw-r--r-- 1 ahukkanen developers    1370 tammi   8 16:47 decidim_insights-113d1cb9ff73924f964f.js.map.gz
-rw-r--r-- 1 ahukkanen developers    1113 tammi   8 16:47 decidim_insights_area-18feb19c7aaf9d7451ed.js
-rw-r--r-- 1 ahukkanen developers     528 tammi   8 16:47 decidim_insights_area-18feb19c7aaf9d7451ed.js.br
-rw-r--r-- 1 ahukkanen developers     629 tammi   8 16:47 decidim_insights_area-18feb19c7aaf9d7451ed.js.gz
-rw-r--r-- 1 ahukkanen developers    4982 tammi   8 16:47 decidim_insights_area-18feb19c7aaf9d7451ed.js.map
-rw-r--r-- 1 ahukkanen developers    1839 tammi   8 16:47 decidim_insights_area-18feb19c7aaf9d7451ed.js.map.br
-rw-r--r-- 1 ahukkanen developers    2061 tammi   8 16:47 decidim_insights_area-18feb19c7aaf9d7451ed.js.map.gz
-rw-r--r-- 1 ahukkanen developers   12318 tammi   8 16:47 decidim_locations_admin-8b870674a1048808c0c0.js
-rw-r--r-- 1 ahukkanen developers    2776 tammi   8 16:47 decidim_locations_admin-8b870674a1048808c0c0.js.br
-rw-r--r-- 1 ahukkanen developers    3153 tammi   8 16:47 decidim_locations_admin-8b870674a1048808c0c0.js.gz
-rw-r--r-- 1 ahukkanen developers   31270 tammi   8 16:47 decidim_locations_admin-8b870674a1048808c0c0.js.map
-rw-r--r-- 1 ahukkanen developers    8294 tammi   8 16:47 decidim_locations_admin-8b870674a1048808c0c0.js.map.br
-rw-r--r-- 1 ahukkanen developers    9388 tammi   8 16:47 decidim_locations_admin-8b870674a1048808c0c0.js.map.gz
-rw-r--r-- 1 ahukkanen developers     725 tammi   8 16:47 decidim_locations-e19cd740672b400d674c.js
-rw-r--r-- 1 ahukkanen developers     397 tammi   8 16:47 decidim_locations-e19cd740672b400d674c.js.br
-rw-r--r-- 1 ahukkanen developers     466 tammi   8 16:47 decidim_locations-e19cd740672b400d674c.js.gz
-rw-r--r-- 1 ahukkanen developers    3117 tammi   8 16:47 decidim_locations-e19cd740672b400d674c.js.map
-rw-r--r-- 1 ahukkanen developers    1204 tammi   8 16:47 decidim_locations-e19cd740672b400d674c.js.map.br
-rw-r--r-- 1 ahukkanen developers    1311 tammi   8 16:47 decidim_locations-e19cd740672b400d674c.js.map.gz
-rw-r--r-- 1 ahukkanen developers   16836 tammi   8 16:47 decidim_locations_edit_map-17bff27b3e787c97518f.js
-rw-r--r-- 1 ahukkanen developers    4541 tammi   8 16:47 decidim_locations_edit_map-17bff27b3e787c97518f.js.br
-rw-r--r-- 1 ahukkanen developers    5100 tammi   8 16:47 decidim_locations_edit_map-17bff27b3e787c97518f.js.gz
-rw-r--r-- 1 ahukkanen developers   43518 tammi   8 16:47 decidim_locations_edit_map-17bff27b3e787c97518f.js.map
-rw-r--r-- 1 ahukkanen developers   12139 tammi   8 16:47 decidim_locations_edit_map-17bff27b3e787c97518f.js.map.br
-rw-r--r-- 1 ahukkanen developers   13509 tammi   8 16:47 decidim_locations_edit_map-17bff27b3e787c97518f.js.map.gz
-rw-r--r-- 1 ahukkanen developers       0 tammi   8 16:47 decidim_map-31d6cfe0d16ae931b73c.js
-rw-r--r-- 1 ahukkanen developers    1491 tammi   8 16:47 decidim_map_provider_default-72cb7553ea4900831202.js
-rw-r--r-- 1 ahukkanen developers     774 tammi   8 16:47 decidim_map_provider_default-72cb7553ea4900831202.js.br
-rw-r--r-- 1 ahukkanen developers     836 tammi   8 16:47 decidim_map_provider_default-72cb7553ea4900831202.js.gz
-rw-r--r-- 1 ahukkanen developers    8417 tammi   8 16:47 decidim_map_provider_default-72cb7553ea4900831202.js.map
-rw-r--r-- 1 ahukkanen developers    2896 tammi   8 16:47 decidim_map_provider_default-72cb7553ea4900831202.js.map.br
-rw-r--r-- 1 ahukkanen developers    3218 tammi   8 16:47 decidim_map_provider_default-72cb7553ea4900831202.js.map.gz
-rw-r--r-- 1 ahukkanen developers    2827 tammi   8 16:47 decidim_map_provider_helsinki-2a94d437e8ce51e18df4.js
-rw-r--r-- 1 ahukkanen developers    1202 tammi   8 16:47 decidim_map_provider_helsinki-2a94d437e8ce51e18df4.js.br
-rw-r--r-- 1 ahukkanen developers    1306 tammi   8 16:47 decidim_map_provider_helsinki-2a94d437e8ce51e18df4.js.gz
-rw-r--r-- 1 ahukkanen developers    8413 tammi   8 16:47 decidim_map_provider_helsinki-2a94d437e8ce51e18df4.js.map
-rw-r--r-- 1 ahukkanen developers    2899 tammi   8 16:47 decidim_map_provider_helsinki-2a94d437e8ce51e18df4.js.map.br
-rw-r--r-- 1 ahukkanen developers    3187 tammi   8 16:47 decidim_map_provider_helsinki-2a94d437e8ce51e18df4.js.map.gz
-rw-r--r-- 1 ahukkanen developers    4455 tammi   8 16:47 decidim_map_provider_here-34c6bc9284071986257c.js
-rw-r--r-- 1 ahukkanen developers    1799 tammi   8 16:47 decidim_map_provider_here-34c6bc9284071986257c.js.br
-rw-r--r-- 1 ahukkanen developers    2027 tammi   8 16:47 decidim_map_provider_here-34c6bc9284071986257c.js.gz
-rw-r--r-- 1 ahukkanen developers   19395 tammi   8 16:47 decidim_map_provider_here-34c6bc9284071986257c.js.map
-rw-r--r-- 1 ahukkanen developers    6093 tammi   8 16:47 decidim_map_provider_here-34c6bc9284071986257c.js.map.br
-rw-r--r-- 1 ahukkanen developers    6829 tammi   8 16:47 decidim_map_provider_here-34c6bc9284071986257c.js.map.gz
-rw-r--r-- 1 ahukkanen developers   20657 tammi   8 16:47 decidim_meetings-5b1c0cb9bfcb80a51a35.js
-rw-r--r-- 1 ahukkanen developers    4151 tammi   8 16:47 decidim_meetings-5b1c0cb9bfcb80a51a35.js.br
-rw-r--r-- 1 ahukkanen developers    4768 tammi   8 16:47 decidim_meetings-5b1c0cb9bfcb80a51a35.js.gz
-rw-r--r-- 1 ahukkanen developers   53295 tammi   8 16:47 decidim_meetings-5b1c0cb9bfcb80a51a35.js.map
-rw-r--r-- 1 ahukkanen developers   12694 tammi   8 16:47 decidim_meetings-5b1c0cb9bfcb80a51a35.js.map.br
-rw-r--r-- 1 ahukkanen developers   14448 tammi   8 16:47 decidim_meetings-5b1c0cb9bfcb80a51a35.js.map.gz
-rw-r--r-- 1 ahukkanen developers   29295 tammi   8 16:47 decidim_meetings_admin-b995ffa25cda11d3a530.js
-rw-r--r-- 1 ahukkanen developers    6599 tammi   8 16:47 decidim_meetings_admin-b995ffa25cda11d3a530.js.br
-rw-r--r-- 1 ahukkanen developers    7490 tammi   8 16:47 decidim_meetings_admin-b995ffa25cda11d3a530.js.gz
-rw-r--r-- 1 ahukkanen developers   78117 tammi   8 16:47 decidim_meetings_admin-b995ffa25cda11d3a530.js.map
-rw-r--r-- 1 ahukkanen developers   19439 tammi   8 16:47 decidim_meetings_admin-b995ffa25cda11d3a530.js.map.br
-rw-r--r-- 1 ahukkanen developers   22323 tammi   8 16:47 decidim_meetings_admin-b995ffa25cda11d3a530.js.map.gz
-rw-r--r-- 1 ahukkanen developers     896 tammi   8 16:47 decidim_mpassid-a06e83c8836df6a502fd.js
-rw-r--r-- 1 ahukkanen developers     438 tammi   8 16:47 decidim_mpassid-a06e83c8836df6a502fd.js.br
-rw-r--r-- 1 ahukkanen developers     510 tammi   8 16:47 decidim_mpassid-a06e83c8836df6a502fd.js.gz
-rw-r--r-- 1 ahukkanen developers    3184 tammi   8 16:47 decidim_mpassid-a06e83c8836df6a502fd.js.map
-rw-r--r-- 1 ahukkanen developers    1242 tammi   8 16:47 decidim_mpassid-a06e83c8836df6a502fd.js.map.br
-rw-r--r-- 1 ahukkanen developers    1339 tammi   8 16:47 decidim_mpassid-a06e83c8836df6a502fd.js.map.gz
-rw-r--r-- 1 ahukkanen developers   12680 tammi   8 16:47 decidim_nav_admin-d34878a8376eecf13a0b.js
-rw-r--r-- 1 ahukkanen developers    2867 tammi   8 16:47 decidim_nav_admin-d34878a8376eecf13a0b.js.br
-rw-r--r-- 1 ahukkanen developers    3261 tammi   8 16:47 decidim_nav_admin-d34878a8376eecf13a0b.js.gz
-rw-r--r-- 1 ahukkanen developers   32702 tammi   8 16:47 decidim_nav_admin-d34878a8376eecf13a0b.js.map
-rw-r--r-- 1 ahukkanen developers    8639 tammi   8 16:47 decidim_nav_admin-d34878a8376eecf13a0b.js.map.br
-rw-r--r-- 1 ahukkanen developers    9808 tammi   8 16:47 decidim_nav_admin-d34878a8376eecf13a0b.js.map.gz
-rw-r--r-- 1 ahukkanen developers     949 tammi   8 16:47 decidim_newsletter_checkbox-700d9dd073f3aebb4ad3.js
-rw-r--r-- 1 ahukkanen developers     452 tammi   8 16:47 decidim_newsletter_checkbox-700d9dd073f3aebb4ad3.js.br
-rw-r--r-- 1 ahukkanen developers     529 tammi   8 16:47 decidim_newsletter_checkbox-700d9dd073f3aebb4ad3.js.gz
-rw-r--r-- 1 ahukkanen developers    4364 tammi   8 16:47 decidim_newsletter_checkbox-700d9dd073f3aebb4ad3.js.map
-rw-r--r-- 1 ahukkanen developers    1585 tammi   8 16:47 decidim_newsletter_checkbox-700d9dd073f3aebb4ad3.js.map.br
-rw-r--r-- 1 ahukkanen developers    1762 tammi   8 16:47 decidim_newsletter_checkbox-700d9dd073f3aebb4ad3.js.map.gz
-rw-r--r-- 1 ahukkanen developers     738 tammi   8 16:47 decidim_pages-9984d0c6615d50d6d453.js
-rw-r--r-- 1 ahukkanen developers     396 tammi   8 16:47 decidim_pages-9984d0c6615d50d6d453.js.br
-rw-r--r-- 1 ahukkanen developers     461 tammi   8 16:47 decidim_pages-9984d0c6615d50d6d453.js.gz
-rw-r--r-- 1 ahukkanen developers    3065 tammi   8 16:47 decidim_pages-9984d0c6615d50d6d453.js.map
-rw-r--r-- 1 ahukkanen developers    1182 tammi   8 16:47 decidim_pages-9984d0c6615d50d6d453.js.map.br
-rw-r--r-- 1 ahukkanen developers    1292 tammi   8 16:47 decidim_pages-9984d0c6615d50d6d453.js.map.gz
-rw-r--r-- 1 ahukkanen developers     995 tammi   8 16:47 decidim_participatory_processes_admin-e1fc92c10c4c94d247a4.js
-rw-r--r-- 1 ahukkanen developers     445 tammi   8 16:47 decidim_participatory_processes_admin-e1fc92c10c4c94d247a4.js.br
-rw-r--r-- 1 ahukkanen developers     522 tammi   8 16:47 decidim_participatory_processes_admin-e1fc92c10c4c94d247a4.js.gz
-rw-r--r-- 1 ahukkanen developers    4334 tammi   8 16:47 decidim_participatory_processes_admin-e1fc92c10c4c94d247a4.js.map
-rw-r--r-- 1 ahukkanen developers    1495 tammi   8 16:47 decidim_participatory_processes_admin-e1fc92c10c4c94d247a4.js.map.br
-rw-r--r-- 1 ahukkanen developers    1655 tammi   8 16:47 decidim_participatory_processes_admin-e1fc92c10c4c94d247a4.js.map.gz
-rw-r--r-- 1 ahukkanen developers    1451 tammi   8 16:47 decidim_participatory_processes-e54765f2fc3a6de0d4aa.js
-rw-r--r-- 1 ahukkanen developers     690 tammi   8 16:47 decidim_participatory_processes-e54765f2fc3a6de0d4aa.js.br
-rw-r--r-- 1 ahukkanen developers     784 tammi   8 16:47 decidim_participatory_processes-e54765f2fc3a6de0d4aa.js.gz
-rw-r--r-- 1 ahukkanen developers    6007 tammi   8 16:47 decidim_participatory_processes-e54765f2fc3a6de0d4aa.js.map
-rw-r--r-- 1 ahukkanen developers    2131 tammi   8 16:47 decidim_participatory_processes-e54765f2fc3a6de0d4aa.js.map.br
-rw-r--r-- 1 ahukkanen developers    2370 tammi   8 16:47 decidim_participatory_processes-e54765f2fc3a6de0d4aa.js.map.gz
-rw-r--r-- 1 ahukkanen developers   25838 tammi   8 16:47 decidim_plans_admin_authors-0e1d14517a5515a46fa2.js
-rw-r--r-- 1 ahukkanen developers    7851 tammi   8 16:47 decidim_plans_admin_authors-0e1d14517a5515a46fa2.js.br
-rw-r--r-- 1 ahukkanen developers    8797 tammi   8 16:47 decidim_plans_admin_authors-0e1d14517a5515a46fa2.js.gz
-rw-r--r-- 1 ahukkanen developers     149 tammi   8 16:47 decidim_plans_admin_authors-0e1d14517a5515a46fa2.js.LICENSE.txt
-rw-r--r-- 1 ahukkanen developers   60057 tammi   8 16:47 decidim_plans_admin_authors-0e1d14517a5515a46fa2.js.map
-rw-r--r-- 1 ahukkanen developers   17911 tammi   8 16:47 decidim_plans_admin_authors-0e1d14517a5515a46fa2.js.map.br
-rw-r--r-- 1 ahukkanen developers   19881 tammi   8 16:47 decidim_plans_admin_authors-0e1d14517a5515a46fa2.js.map.gz
-rw-r--r-- 1 ahukkanen developers    1045 tammi   8 16:47 decidim_plans_admin_budgets_export-db7e6fa21cccb4e9026e.js
-rw-r--r-- 1 ahukkanen developers     478 tammi   8 16:47 decidim_plans_admin_budgets_export-db7e6fa21cccb4e9026e.js.br
-rw-r--r-- 1 ahukkanen developers     565 tammi   8 16:47 decidim_plans_admin_budgets_export-db7e6fa21cccb4e9026e.js.gz
-rw-r--r-- 1 ahukkanen developers    4314 tammi   8 16:47 decidim_plans_admin_budgets_export-db7e6fa21cccb4e9026e.js.map
-rw-r--r-- 1 ahukkanen developers    1614 tammi   8 16:47 decidim_plans_admin_budgets_export-db7e6fa21cccb4e9026e.js.map.br
-rw-r--r-- 1 ahukkanen developers    1780 tammi   8 16:47 decidim_plans_admin_budgets_export-db7e6fa21cccb4e9026e.js.map.gz
-rw-r--r-- 1 ahukkanen developers    1142 tammi   8 16:47 decidim_plans_admin_component_settings-7dcae58cf80fdaef841a.js
-rw-r--r-- 1 ahukkanen developers     493 tammi   8 16:47 decidim_plans_admin_component_settings-7dcae58cf80fdaef841a.js.br
-rw-r--r-- 1 ahukkanen developers     587 tammi   8 16:47 decidim_plans_admin_component_settings-7dcae58cf80fdaef841a.js.gz
-rw-r--r-- 1 ahukkanen developers    4539 tammi   8 16:47 decidim_plans_admin_component_settings-7dcae58cf80fdaef841a.js.map
-rw-r--r-- 1 ahukkanen developers    1661 tammi   8 16:47 decidim_plans_admin_component_settings-7dcae58cf80fdaef841a.js.map.br
-rw-r--r-- 1 ahukkanen developers    1848 tammi   8 16:47 decidim_plans_admin_component_settings-7dcae58cf80fdaef841a.js.map.gz
-rw-r--r-- 1 ahukkanen developers    1178 tammi   8 16:47 decidim_plans_admin_plan_picker-cea7b8473151fc2972a5.js
-rw-r--r-- 1 ahukkanen developers     564 tammi   8 16:47 decidim_plans_admin_plan_picker-cea7b8473151fc2972a5.js.br
-rw-r--r-- 1 ahukkanen developers     655 tammi   8 16:47 decidim_plans_admin_plan_picker-cea7b8473151fc2972a5.js.gz
-rw-r--r-- 1 ahukkanen developers    5022 tammi   8 16:47 decidim_plans_admin_plan_picker-cea7b8473151fc2972a5.js.map
-rw-r--r-- 1 ahukkanen developers    1894 tammi   8 16:47 decidim_plans_admin_plan_picker-cea7b8473151fc2972a5.js.map.br
-rw-r--r-- 1 ahukkanen developers    2107 tammi   8 16:47 decidim_plans_admin_plan_picker-cea7b8473151fc2972a5.js.map.gz
-rw-r--r-- 1 ahukkanen developers   21811 tammi   8 16:47 decidim_plans_admin_sections-b039b5424edca3d6b824.js
-rw-r--r-- 1 ahukkanen developers    5427 tammi   8 16:47 decidim_plans_admin_sections-b039b5424edca3d6b824.js.br
-rw-r--r-- 1 ahukkanen developers    6124 tammi   8 16:47 decidim_plans_admin_sections-b039b5424edca3d6b824.js.gz
-rw-r--r-- 1 ahukkanen developers   53542 tammi   8 16:47 decidim_plans_admin_sections-b039b5424edca3d6b824.js.map
-rw-r--r-- 1 ahukkanen developers   14850 tammi   8 16:47 decidim_plans_admin_sections-b039b5424edca3d6b824.js.map.br
-rw-r--r-- 1 ahukkanen developers   16787 tammi   8 16:47 decidim_plans_admin_sections-b039b5424edca3d6b824.js.map.gz
-rw-r--r-- 1 ahukkanen developers       0 tammi   8 16:47 decidim_plans_data_picker-31d6cfe0d16ae931b73c.js
-rw-r--r-- 1 ahukkanen developers   10080 tammi   8 16:47 decidim_plans-f39bcafe9db117da71da.js
-rw-r--r-- 1 ahukkanen developers    2956 tammi   8 16:47 decidim_plans-f39bcafe9db117da71da.js.br
-rw-r--r-- 1 ahukkanen developers    3423 tammi   8 16:47 decidim_plans-f39bcafe9db117da71da.js.gz
-rw-r--r-- 1 ahukkanen developers   28892 tammi   8 16:47 decidim_plans-f39bcafe9db117da71da.js.map
-rw-r--r-- 1 ahukkanen developers    8133 tammi   8 16:47 decidim_plans-f39bcafe9db117da71da.js.map.br
-rw-r--r-- 1 ahukkanen developers    9163 tammi   8 16:47 decidim_plans-f39bcafe9db117da71da.js.map.gz
-rw-r--r-- 1 ahukkanen developers    8002 tammi   8 16:47 decidim_plans_map-2a346f968bcbf8599440.js
-rw-r--r-- 1 ahukkanen developers    2204 tammi   8 16:47 decidim_plans_map-2a346f968bcbf8599440.js.br
-rw-r--r-- 1 ahukkanen developers    2466 tammi   8 16:47 decidim_plans_map-2a346f968bcbf8599440.js.gz
-rw-r--r-- 1 ahukkanen developers   16354 tammi   8 16:47 decidim_plans_map-2a346f968bcbf8599440.js.map
-rw-r--r-- 1 ahukkanen developers    4944 tammi   8 16:47 decidim_plans_map-2a346f968bcbf8599440.js.map.br
-rw-r--r-- 1 ahukkanen developers    5471 tammi   8 16:47 decidim_plans_map-2a346f968bcbf8599440.js.map.gz
-rw-r--r-- 1 ahukkanen developers    9391 tammi   8 16:47 decidim_plans_plans_form-078958ce3cd80f7c8275.js
-rw-r--r-- 1 ahukkanen developers    2709 tammi   8 16:47 decidim_plans_plans_form-078958ce3cd80f7c8275.js.br
-rw-r--r-- 1 ahukkanen developers    3119 tammi   8 16:47 decidim_plans_plans_form-078958ce3cd80f7c8275.js.gz
-rw-r--r-- 1 ahukkanen developers   26353 tammi   8 16:47 decidim_plans_plans_form-078958ce3cd80f7c8275.js.map
-rw-r--r-- 1 ahukkanen developers    7410 tammi   8 16:47 decidim_plans_plans_form-078958ce3cd80f7c8275.js.map.br
-rw-r--r-- 1 ahukkanen developers    8366 tammi   8 16:47 decidim_plans_plans_form-078958ce3cd80f7c8275.js.map.gz
-rw-r--r-- 1 ahukkanen developers     690 tammi   8 16:47 decidim_plans_plans_list-e805bd6b425b2fd75f15.js
-rw-r--r-- 1 ahukkanen developers     358 tammi   8 16:47 decidim_plans_plans_list-e805bd6b425b2fd75f15.js.br
-rw-r--r-- 1 ahukkanen developers     426 tammi   8 16:47 decidim_plans_plans_list-e805bd6b425b2fd75f15.js.gz
-rw-r--r-- 1 ahukkanen developers    3268 tammi   8 16:47 decidim_plans_plans_list-e805bd6b425b2fd75f15.js.map
-rw-r--r-- 1 ahukkanen developers    1276 tammi   8 16:47 decidim_plans_plans_list-e805bd6b425b2fd75f15.js.map.br
-rw-r--r-- 1 ahukkanen developers    1414 tammi   8 16:47 decidim_plans_plans_list-e805bd6b425b2fd75f15.js.map.gz
-rw-r--r-- 1 ahukkanen developers     718 tammi   8 16:47 decidim_privacy-05b07f074ccee682ed1f.js
-rw-r--r-- 1 ahukkanen developers     396 tammi   8 16:47 decidim_privacy-05b07f074ccee682ed1f.js.br
-rw-r--r-- 1 ahukkanen developers     466 tammi   8 16:47 decidim_privacy-05b07f074ccee682ed1f.js.gz
-rw-r--r-- 1 ahukkanen developers    3106 tammi   8 16:47 decidim_privacy-05b07f074ccee682ed1f.js.map
-rw-r--r-- 1 ahukkanen developers    1207 tammi   8 16:47 decidim_privacy-05b07f074ccee682ed1f.js.map.br
-rw-r--r-- 1 ahukkanen developers    1307 tammi   8 16:47 decidim_privacy-05b07f074ccee682ed1f.js.map.gz
-rw-r--r-- 1 ahukkanen developers     810 tammi   8 16:47 decidim_privacy_settings-e84bda566d2fe91473a4.js
-rw-r--r-- 1 ahukkanen developers     396 tammi   8 16:47 decidim_privacy_settings-e84bda566d2fe91473a4.js.br
-rw-r--r-- 1 ahukkanen developers     478 tammi   8 16:47 decidim_privacy_settings-e84bda566d2fe91473a4.js.gz
-rw-r--r-- 1 ahukkanen developers    3748 tammi   8 16:47 decidim_privacy_settings-e84bda566d2fe91473a4.js.map
-rw-r--r-- 1 ahukkanen developers    1367 tammi   8 16:47 decidim_privacy_settings-e84bda566d2fe91473a4.js.map.br
-rw-r--r-- 1 ahukkanen developers    1525 tammi   8 16:47 decidim_privacy_settings-e84bda566d2fe91473a4.js.map.gz
-rw-r--r-- 1 ahukkanen developers    1716 tammi   8 16:47 decidim_privacy_user_form-6f41f5a7ef4def14fc50.js
-rw-r--r-- 1 ahukkanen developers     707 tammi   8 16:47 decidim_privacy_user_form-6f41f5a7ef4def14fc50.js.br
-rw-r--r-- 1 ahukkanen developers     846 tammi   8 16:47 decidim_privacy_user_form-6f41f5a7ef4def14fc50.js.gz
-rw-r--r-- 1 ahukkanen developers    8023 tammi   8 16:47 decidim_privacy_user_form-6f41f5a7ef4def14fc50.js.map
-rw-r--r-- 1 ahukkanen developers    2657 tammi   8 16:47 decidim_privacy_user_form-6f41f5a7ef4def14fc50.js.map.br
-rw-r--r-- 1 ahukkanen developers    2997 tammi   8 16:47 decidim_privacy_user_form-6f41f5a7ef4def14fc50.js.map.gz
-rw-r--r-- 1 ahukkanen developers    4201 tammi   8 16:47 decidim_proposals-32bde07ef67e3c5f360c.js
-rw-r--r-- 1 ahukkanen developers    1357 tammi   8 16:47 decidim_proposals-32bde07ef67e3c5f360c.js.br
-rw-r--r-- 1 ahukkanen developers    1554 tammi   8 16:47 decidim_proposals-32bde07ef67e3c5f360c.js.gz
-rw-r--r-- 1 ahukkanen developers   17310 tammi   8 16:47 decidim_proposals-32bde07ef67e3c5f360c.js.map
-rw-r--r-- 1 ahukkanen developers    4871 tammi   8 16:47 decidim_proposals-32bde07ef67e3c5f360c.js.map.br
-rw-r--r-- 1 ahukkanen developers    5566 tammi   8 16:47 decidim_proposals-32bde07ef67e3c5f360c.js.map.gz
-rw-r--r-- 1 ahukkanen developers    5706 tammi   8 16:47 decidim_proposals_admin-b6ea8890ff3e30d8f46b.js
-rw-r--r-- 1 ahukkanen developers    1728 tammi   8 16:47 decidim_proposals_admin-b6ea8890ff3e30d8f46b.js.br
-rw-r--r-- 1 ahukkanen developers    1983 tammi   8 16:47 decidim_proposals_admin-b6ea8890ff3e30d8f46b.js.gz
-rw-r--r-- 1 ahukkanen developers   22552 tammi   8 16:47 decidim_proposals_admin-b6ea8890ff3e30d8f46b.js.map
-rw-r--r-- 1 ahukkanen developers    6163 tammi   8 16:47 decidim_proposals_admin-b6ea8890ff3e30d8f46b.js.map.br
-rw-r--r-- 1 ahukkanen developers    7018 tammi   8 16:47 decidim_proposals_admin-b6ea8890ff3e30d8f46b.js.map.gz
-rw-r--r-- 1 ahukkanen developers       0 tammi   8 16:47 decidim_questionnaire_answers_pdf-31d6cfe0d16ae931b73c.js
-rw-r--r-- 1 ahukkanen developers     730 tammi   8 16:47 decidim_sortitions-067d8214b9e1a45523b6.js
-rw-r--r-- 1 ahukkanen developers     400 tammi   8 16:47 decidim_sortitions-067d8214b9e1a45523b6.js.br
-rw-r--r-- 1 ahukkanen developers     468 tammi   8 16:47 decidim_sortitions-067d8214b9e1a45523b6.js.gz
-rw-r--r-- 1 ahukkanen developers    3081 tammi   8 16:47 decidim_sortitions-067d8214b9e1a45523b6.js.map
-rw-r--r-- 1 ahukkanen developers    1189 tammi   8 16:47 decidim_sortitions-067d8214b9e1a45523b6.js.map.br
-rw-r--r-- 1 ahukkanen developers    1298 tammi   8 16:47 decidim_sortitions-067d8214b9e1a45523b6.js.map.gz
-rw-r--r-- 1 ahukkanen developers   26603 tammi   8 16:47 decidim_sw-5f2bd6a176dd10532700.js
-rw-r--r-- 1 ahukkanen developers    3925 tammi   8 16:47 decidim_sw-5f2bd6a176dd10532700.js.br
-rw-r--r-- 1 ahukkanen developers    4569 tammi   8 16:47 decidim_sw-5f2bd6a176dd10532700.js.gz
-rw-r--r-- 1 ahukkanen developers     149 tammi   8 16:47 decidim_sw-5f2bd6a176dd10532700.js.LICENSE.txt
-rw-r--r-- 1 ahukkanen developers   38465 tammi   8 16:47 decidim_sw-5f2bd6a176dd10532700.js.map
-rw-r--r-- 1 ahukkanen developers    6650 tammi   8 16:47 decidim_sw-5f2bd6a176dd10532700.js.map.br
-rw-r--r-- 1 ahukkanen developers    7572 tammi   8 16:47 decidim_sw-5f2bd6a176dd10532700.js.map.gz
-rw-r--r-- 1 ahukkanen developers    3572 tammi   8 16:47 decidim_system-bbb7d3b3e9b785cb09f0.js
-rw-r--r-- 1 ahukkanen developers    1576 tammi   8 16:47 decidim_system-bbb7d3b3e9b785cb09f0.js.br
-rw-r--r-- 1 ahukkanen developers    1777 tammi   8 16:47 decidim_system-bbb7d3b3e9b785cb09f0.js.gz
-rw-r--r-- 1 ahukkanen developers   17387 tammi   8 16:47 decidim_system-bbb7d3b3e9b785cb09f0.js.map
-rw-r--r-- 1 ahukkanen developers    4945 tammi   8 16:47 decidim_system-bbb7d3b3e9b785cb09f0.js.map.br
-rw-r--r-- 1 ahukkanen developers    5579 tammi   8 16:47 decidim_system-bbb7d3b3e9b785cb09f0.js.map.gz
-rw-r--r-- 1 ahukkanen developers    4367 tammi   8 16:47 decidim_tags-064afea854faba2d9684.js
-rw-r--r-- 1 ahukkanen developers    1771 tammi   8 16:47 decidim_tags-064afea854faba2d9684.js.br
-rw-r--r-- 1 ahukkanen developers    2024 tammi   8 16:47 decidim_tags-064afea854faba2d9684.js.gz
-rw-r--r-- 1 ahukkanen developers   18403 tammi   8 16:47 decidim_tags-064afea854faba2d9684.js.map
-rw-r--r-- 1 ahukkanen developers    6015 tammi   8 16:47 decidim_tags-064afea854faba2d9684.js.map.br
-rw-r--r-- 1 ahukkanen developers    6707 tammi   8 16:47 decidim_tags-064afea854faba2d9684.js.map.gz
-rw-r--r-- 1 ahukkanen developers   27004 tammi   8 16:47 decidim_tags_admin-2439a66d63e8cc81c1c2.js
-rw-r--r-- 1 ahukkanen developers    7918 tammi   8 16:47 decidim_tags_admin-2439a66d63e8cc81c1c2.js.br
-rw-r--r-- 1 ahukkanen developers    8912 tammi   8 16:47 decidim_tags_admin-2439a66d63e8cc81c1c2.js.gz
-rw-r--r-- 1 ahukkanen developers     149 tammi   8 16:47 decidim_tags_admin-2439a66d63e8cc81c1c2.js.LICENSE.txt
-rw-r--r-- 1 ahukkanen developers   61835 tammi   8 16:47 decidim_tags_admin-2439a66d63e8cc81c1c2.js.map
-rw-r--r-- 1 ahukkanen developers   18513 tammi   8 16:47 decidim_tags_admin-2439a66d63e8cc81c1c2.js.map.br
-rw-r--r-- 1 ahukkanen developers   20544 tammi   8 16:47 decidim_tags_admin-2439a66d63e8cc81c1c2.js.map.gz
-rw-r--r-- 1 ahukkanen developers    2786 tammi   8 16:47 decidim_term_customizer_admin_bulk-cce4fefae1825d489936.js
-rw-r--r-- 1 ahukkanen developers     836 tammi   8 16:47 decidim_term_customizer_admin_bulk-cce4fefae1825d489936.js.br
-rw-r--r-- 1 ahukkanen developers     975 tammi   8 16:47 decidim_term_customizer_admin_bulk-cce4fefae1825d489936.js.gz
-rw-r--r-- 1 ahukkanen developers    8642 tammi   8 16:47 decidim_term_customizer_admin_bulk-cce4fefae1825d489936.js.map
-rw-r--r-- 1 ahukkanen developers    2541 tammi   8 16:47 decidim_term_customizer_admin_bulk-cce4fefae1825d489936.js.map.br
-rw-r--r-- 1 ahukkanen developers    2830 tammi   8 16:47 decidim_term_customizer_admin_bulk-cce4fefae1825d489936.js.map.gz
-rw-r--r-- 1 ahukkanen developers   40905 tammi   8 16:47 decidim_term_customizer_admin-f83d187fcc157d87e106.js
-rw-r--r-- 1 ahukkanen developers   10284 tammi   8 16:47 decidim_term_customizer_admin-f83d187fcc157d87e106.js.br
-rw-r--r-- 1 ahukkanen developers   11917 tammi   8 16:47 decidim_term_customizer_admin-f83d187fcc157d87e106.js.gz
-rw-r--r-- 1 ahukkanen developers     149 tammi   8 16:47 decidim_term_customizer_admin-f83d187fcc157d87e106.js.LICENSE.txt
-rw-r--r-- 1 ahukkanen developers   94085 tammi   8 16:47 decidim_term_customizer_admin-f83d187fcc157d87e106.js.map
-rw-r--r-- 1 ahukkanen developers   26265 tammi   8 16:47 decidim_term_customizer_admin-f83d187fcc157d87e106.js.map.br
-rw-r--r-- 1 ahukkanen developers   29551 tammi   8 16:47 decidim_term_customizer_admin-f83d187fcc157d87e106.js.map.gz
-rw-r--r-- 1 ahukkanen developers     866 tammi   8 16:47 decidim_widget-dc9e81cf73176149f6eb.js
-rw-r--r-- 1 ahukkanen developers     438 tammi   8 16:47 decidim_widget-dc9e81cf73176149f6eb.js.br
-rw-r--r-- 1 ahukkanen developers     520 tammi   8 16:47 decidim_widget-dc9e81cf73176149f6eb.js.gz
-rw-r--r-- 1 ahukkanen developers    3830 tammi   8 16:47 decidim_widget-dc9e81cf73176149f6eb.js.map
-rw-r--r-- 1 ahukkanen developers    1452 tammi   8 16:47 decidim_widget-dc9e81cf73176149f6eb.js.map.br
-rw-r--r-- 1 ahukkanen developers    1633 tammi   8 16:47 decidim_widget-dc9e81cf73176149f6eb.js.map.gz
-rw-r--r-- 1 ahukkanen developers     840 tammi   8 16:47 helsinki_admin_color_field-aa17967cb4c352a0e3f2.js
-rw-r--r-- 1 ahukkanen developers     404 tammi   8 16:47 helsinki_admin_color_field-aa17967cb4c352a0e3f2.js.br
-rw-r--r-- 1 ahukkanen developers     474 tammi   8 16:47 helsinki_admin_color_field-aa17967cb4c352a0e3f2.js.gz
-rw-r--r-- 1 ahukkanen developers    3858 tammi   8 16:47 helsinki_admin_color_field-aa17967cb4c352a0e3f2.js.map
-rw-r--r-- 1 ahukkanen developers    1378 tammi   8 16:47 helsinki_admin_color_field-aa17967cb4c352a0e3f2.js.map.br
-rw-r--r-- 1 ahukkanen developers    1532 tammi   8 16:47 helsinki_admin_color_field-aa17967cb4c352a0e3f2.js.map.gz
-rw-r--r-- 1 ahukkanen developers   14044 tammi   8 16:47 hyphenation_fi-3d3ce8ef58625d3bb6e1.js
-rw-r--r-- 1 ahukkanen developers    5746 tammi   8 16:47 hyphenation_fi-3d3ce8ef58625d3bb6e1.js.br
-rw-r--r-- 1 ahukkanen developers    6345 tammi   8 16:47 hyphenation_fi-3d3ce8ef58625d3bb6e1.js.gz
-rw-r--r-- 1 ahukkanen developers     149 tammi   8 16:47 hyphenation_fi-3d3ce8ef58625d3bb6e1.js.LICENSE.txt
-rw-r--r-- 1 ahukkanen developers   20762 tammi   8 16:47 hyphenation_fi-3d3ce8ef58625d3bb6e1.js.map
-rw-r--r-- 1 ahukkanen developers    6476 tammi   8 16:47 hyphenation_fi-3d3ce8ef58625d3bb6e1.js.map.br
-rw-r--r-- 1 ahukkanen developers    7140 tammi   8 16:47 hyphenation_fi-3d3ce8ef58625d3bb6e1.js.map.gz
-rw-r--r-- 1 ahukkanen developers   35312 tammi   8 16:47 hyphenation_sv-07aceddef75d01798e42.js
-rw-r--r-- 1 ahukkanen developers   16732 tammi   8 16:47 hyphenation_sv-07aceddef75d01798e42.js.br
-rw-r--r-- 1 ahukkanen developers   18875 tammi   8 16:47 hyphenation_sv-07aceddef75d01798e42.js.gz
-rw-r--r-- 1 ahukkanen developers     149 tammi   8 16:47 hyphenation_sv-07aceddef75d01798e42.js.LICENSE.txt
-rw-r--r-- 1 ahukkanen developers   20763 tammi   8 16:47 hyphenation_sv-07aceddef75d01798e42.js.map
-rw-r--r-- 1 ahukkanen developers    6476 tammi   8 16:47 hyphenation_sv-07aceddef75d01798e42.js.map.br
-rw-r--r-- 1 ahukkanen developers    7140 tammi   8 16:47 hyphenation_sv-07aceddef75d01798e42.js.map.gz
